{"level":"info","message":"Log -> Enable log transport:  file"}
{"level":"error","message":"Error enabling log transport: datadog"}
{"level":"info","message":"App -> Starting HASH "}
{"level":"info","message":"Init -> Starting the server config"}
{"level":"info","message":"Init -> Configuring required middlewares (sessions, bodyparser)"}
{"level":"info","message":"Init -> Add session cookies"}
{"level":"info","message":"Init -> Configure datadog logger"}
{"level":"info","message":"Init -> Configure template engine"}
{"level":"info","message":"Init -> Expose global headers {\"Server\":\"nginx\"}"}
{"level":"info","message":"Template -> loading request templates from: myhoneypot/templates"}
{"level":"info","message":"Template -> loading template: 404.yaml success "}
{"level":"info","message":"Template -> loading template: api.yaml success "}
{"level":"info","message":"Template -> loading template: articles.yaml success "}
{"level":"info","message":"Template -> loading template: cgi-bin.yaml success "}
{"level":"info","message":"Template -> loading template: default.yaml success "}
{"level":"info","message":"Simulator -> Mocking request api"}
{"level":"info","message":"Simulator -> Mocking request view-example"}
{"level":"info","message":"Simulator -> Mocking request cgi-bin"}
{"level":"info","message":"Simulator -> Mocking request default"}
{"level":"info","message":"Simulator -> Mocking request not_found"}
{"level":"info","message":"App -> listening on port 3000"}
