{"level":"info","message":"Log -> Enable log transport:  file"}
{"level":"info","message":"App -> Starting HASH "}
{"level":"info","message":"Init -> Starting the server config"}
{"level":"info","message":"Init -> Configuring required middlewares (sessions, bodyparser)"}
{"level":"info","message":"Init -> Add session cookies"}
{"level":"info","message":"Init -> Configure datadog logger"}
{"level":"info","message":"Init -> Configure template engine"}
{"level":"info","message":"Init -> Expose global headers {\"Server\":\"nginx\"}"}
{"level":"info","message":"Template -> loading request templates from: myhoneypot2/templates"}
{"level":"info","message":"Template -> loading template: 404.yaml success "}
{"level":"info","message":"Template -> loading template: api.yaml success "}
{"level":"info","message":"Template -> loading template: articles.yaml success "}
{"level":"info","message":"Template -> loading template: cgi-bin.yaml success "}
{"level":"info","message":"Template -> loading template: default.yaml success "}
{"level":"info","message":"Simulator -> Mocking request api"}
{"level":"info","message":"Simulator -> Mocking request view-example"}
{"level":"info","message":"Simulator -> Mocking request cgi-bin"}
{"level":"info","message":"Simulator -> Mocking request default"}
{"level":"info","message":"Simulator -> Mocking request not_found"}
{"level":"info","message":"App -> listening on port 3000"}
{"level":"info","message":"Simulator -> Trap hit, marking the session as malicious "}
{"http":{"client_ip":"::1","host":"localhost:3000","method":"GET","path":"/cgi-bin"},"info":{"title":"cgi-bin trap"},"level":"warn","message":"HASH: GET /cgi-bin: cgi-bin trap","request":{"body":{},"headers":{"accept":"text/html,application/xhtml+xml,application/xml;q=0.9,image/avif,image/webp,image/apng,*/*;q=0.8,application/signed-exchange;v=b3;q=0.7","accept-encoding":"gzip, deflate, br, zstd","accept-language":"en,el-GR;q=0.9,el;q=0.8","connection":"keep-alive","cookie":"second-cork=214dcf0bbdd2c7abeb041417cc90158abad7fac7; obvious-release=s%3ADxOpYu4odR9ki78saxVCqR_5EyqVfTqu.JYBky2i3MZHoZS%2B836dsMPOqhE0x%2B05uL16YSAWvsq8; ignorant-mansard=5ed7cd24f8e527c20d9a08f0982a15febe26e372; glaring-ass=s%3AshelT5noDwLVsJiYea3lG6P46amaKho6.fn%2F7zJfQ3nDoOem5wMGko%2B9VaMy0J1RylcJUkDjJvD8; firm-recovery=eb97ccceff8b22ac61bacb08fc247cebec9fae7f; knotty-graph=s%3AD81VMXpi5KEvHth129Ak_T54WD1n19kR.he2LsRBJhNr0DH%2FuHguYOFM4BXsP89bKan5hhr4igkU; competent-knot=ac1d73bb74ae47fc5f52baa8ad3d6efc4cefc4cb; exemplary-dusk=s%3AdDzC-6v9pcRLNc9AuvklkHUz8NopNUyI.LcCojf%2FaCnqpmMfvhpILj9yBPCjloTx1YGcm7hPUcUQ","cookie_parsed":{"competent-knot":"ac1d73bb74ae47fc5f52baa8ad3d6efc4cefc4cb","exemplary-dusk":"s:dDzC-6v9pcRLNc9AuvklkHUz8NopNUyI.LcCojf/aCnqpmMfvhpILj9yBPCjloTx1YGcm7hPUcUQ","firm-recovery":"eb97ccceff8b22ac61bacb08fc247cebec9fae7f","glaring-ass":"s:shelT5noDwLVsJiYea3lG6P46amaKho6.fn/7zJfQ3nDoOem5wMGko+9VaMy0J1RylcJUkDjJvD8","ignorant-mansard":"5ed7cd24f8e527c20d9a08f0982a15febe26e372","knotty-graph":"s:D81VMXpi5KEvHth129Ak_T54WD1n19kR.he2LsRBJhNr0DH/uHguYOFM4BXsP89bKan5hhr4igkU","obvious-release":"s:DxOpYu4odR9ki78saxVCqR_5EyqVfTqu.JYBky2i3MZHoZS+836dsMPOqhE0x+05uL16YSAWvsq8","second-cork":"214dcf0bbdd2c7abeb041417cc90158abad7fac7"},"host":"localhost:3000","sec-ch-ua":"\"Chromium\";v=\"130\", \"Google Chrome\";v=\"130\", \"Not?A_Brand\";v=\"99\"","sec-ch-ua-mobile":"?0","sec-ch-ua-platform":"\"Windows\"","sec-fetch-dest":"document","sec-fetch-mode":"navigate","sec-fetch-site":"none","sec-fetch-user":"?1","upgrade-insecure-requests":"1","user-agent":"Mozilla/5.0 (Windows NT 10.0; Win64; x64) AppleWebKit/537.36 (KHTML, like Gecko) Chrome/130.0.0.0 Safari/537.36"},"params":{},"query":{}},"templateId":"cgi-bin","type":"malicious"}
{"level":"error","message":"HTTP -> 500 error: Cannot read properties of null (reading 'appsec')","stack":"TypeError: Cannot read properties of null (reading 'appsec')\n    at exp.logger (C:\\Users\\jimzord12\\GitHub\\Honeypots-Contextual-Behavior-PoC\\node_modules\\hash-honeypot\\libs\\init.js:81:24)\n    at C:\\Users\\jimzord12\\GitHub\\Honeypots-Contextual-Behavior-PoC\\node_modules\\hash-honeypot\\libs\\simulator.js:130:27\n    at Layer.handle [as handle_request] (C:\\Users\\jimzord12\\GitHub\\Honeypots-Contextual-Behavior-PoC\\node_modules\\express\\lib\\router\\layer.js:95:5)\n    at next (C:\\Users\\jimzord12\\GitHub\\Honeypots-Contextual-Behavior-PoC\\node_modules\\express\\lib\\router\\route.js:149:13)\n    at Route.dispatch (C:\\Users\\jimzord12\\GitHub\\Honeypots-Contextual-Behavior-PoC\\node_modules\\express\\lib\\router\\route.js:119:3)\n    at Layer.handle [as handle_request] (C:\\Users\\jimzord12\\GitHub\\Honeypots-Contextual-Behavior-PoC\\node_modules\\express\\lib\\router\\layer.js:95:5)\n    at C:\\Users\\jimzord12\\GitHub\\Honeypots-Contextual-Behavior-PoC\\node_modules\\express\\lib\\router\\index.js:284:15\n    at Function.process_params (C:\\Users\\jimzord12\\GitHub\\Honeypots-Contextual-Behavior-PoC\\node_modules\\express\\lib\\router\\index.js:346:12)\n    at next (C:\\Users\\jimzord12\\GitHub\\Honeypots-Contextual-Behavior-PoC\\node_modules\\express\\lib\\router\\index.js:280:10)\n    at C:\\Users\\jimzord12\\GitHub\\Honeypots-Contextual-Behavior-PoC\\node_modules\\hash-honeypot\\libs\\honeytraps\\cookie.js:27:9"}
{"level":"info","message":"Simulator -> Trap hit, marking the session as malicious "}
{"http":{"client_ip":"::1","host":"localhost:3000","method":"GET","path":"/cgi-bin"},"info":{"title":"cgi-bin trap"},"level":"warn","message":"HASH: GET /cgi-bin: cgi-bin trap","request":{"body":{},"headers":{"accept":"text/html,application/xhtml+xml,application/xml;q=0.9,image/avif,image/webp,image/apng,*/*;q=0.8,application/signed-exchange;v=b3;q=0.7","accept-encoding":"gzip, deflate, br, zstd","accept-language":"en,el-GR;q=0.9,el;q=0.8","cache-control":"max-age=0","connection":"keep-alive","cookie":"second-cork=214dcf0bbdd2c7abeb041417cc90158abad7fac7; obvious-release=s%3ADxOpYu4odR9ki78saxVCqR_5EyqVfTqu.JYBky2i3MZHoZS%2B836dsMPOqhE0x%2B05uL16YSAWvsq8; ignorant-mansard=5ed7cd24f8e527c20d9a08f0982a15febe26e372; glaring-ass=s%3AshelT5noDwLVsJiYea3lG6P46amaKho6.fn%2F7zJfQ3nDoOem5wMGko%2B9VaMy0J1RylcJUkDjJvD8; firm-recovery=eb97ccceff8b22ac61bacb08fc247cebec9fae7f; knotty-graph=s%3AD81VMXpi5KEvHth129Ak_T54WD1n19kR.he2LsRBJhNr0DH%2FuHguYOFM4BXsP89bKan5hhr4igkU; competent-knot=ac1d73bb74ae47fc5f52baa8ad3d6efc4cefc4cb; exemplary-dusk=s%3AdDzC-6v9pcRLNc9AuvklkHUz8NopNUyI.LcCojf%2FaCnqpmMfvhpILj9yBPCjloTx1YGcm7hPUcUQ","cookie_parsed":{"competent-knot":"ac1d73bb74ae47fc5f52baa8ad3d6efc4cefc4cb","exemplary-dusk":"s:dDzC-6v9pcRLNc9AuvklkHUz8NopNUyI.LcCojf/aCnqpmMfvhpILj9yBPCjloTx1YGcm7hPUcUQ","firm-recovery":"eb97ccceff8b22ac61bacb08fc247cebec9fae7f","glaring-ass":"s:shelT5noDwLVsJiYea3lG6P46amaKho6.fn/7zJfQ3nDoOem5wMGko+9VaMy0J1RylcJUkDjJvD8","ignorant-mansard":"5ed7cd24f8e527c20d9a08f0982a15febe26e372","knotty-graph":"s:D81VMXpi5KEvHth129Ak_T54WD1n19kR.he2LsRBJhNr0DH/uHguYOFM4BXsP89bKan5hhr4igkU","obvious-release":"s:DxOpYu4odR9ki78saxVCqR_5EyqVfTqu.JYBky2i3MZHoZS+836dsMPOqhE0x+05uL16YSAWvsq8","second-cork":"214dcf0bbdd2c7abeb041417cc90158abad7fac7"},"host":"localhost:3000","sec-ch-ua":"\"Chromium\";v=\"130\", \"Google Chrome\";v=\"130\", \"Not?A_Brand\";v=\"99\"","sec-ch-ua-mobile":"?0","sec-ch-ua-platform":"\"Windows\"","sec-fetch-dest":"document","sec-fetch-mode":"navigate","sec-fetch-site":"none","sec-fetch-user":"?1","upgrade-insecure-requests":"1","user-agent":"Mozilla/5.0 (Windows NT 10.0; Win64; x64) AppleWebKit/537.36 (KHTML, like Gecko) Chrome/130.0.0.0 Safari/537.36"},"params":{},"query":{}},"templateId":"cgi-bin","type":"malicious"}
{"level":"error","message":"HTTP -> 500 error: Cannot read properties of null (reading 'appsec')","stack":"TypeError: Cannot read properties of null (reading 'appsec')\n    at exp.logger (C:\\Users\\jimzord12\\GitHub\\Honeypots-Contextual-Behavior-PoC\\node_modules\\hash-honeypot\\libs\\init.js:81:24)\n    at C:\\Users\\jimzord12\\GitHub\\Honeypots-Contextual-Behavior-PoC\\node_modules\\hash-honeypot\\libs\\simulator.js:130:27\n    at Layer.handle [as handle_request] (C:\\Users\\jimzord12\\GitHub\\Honeypots-Contextual-Behavior-PoC\\node_modules\\express\\lib\\router\\layer.js:95:5)\n    at next (C:\\Users\\jimzord12\\GitHub\\Honeypots-Contextual-Behavior-PoC\\node_modules\\express\\lib\\router\\route.js:149:13)\n    at Route.dispatch (C:\\Users\\jimzord12\\GitHub\\Honeypots-Contextual-Behavior-PoC\\node_modules\\express\\lib\\router\\route.js:119:3)\n    at Layer.handle [as handle_request] (C:\\Users\\jimzord12\\GitHub\\Honeypots-Contextual-Behavior-PoC\\node_modules\\express\\lib\\router\\layer.js:95:5)\n    at C:\\Users\\jimzord12\\GitHub\\Honeypots-Contextual-Behavior-PoC\\node_modules\\express\\lib\\router\\index.js:284:15\n    at Function.process_params (C:\\Users\\jimzord12\\GitHub\\Honeypots-Contextual-Behavior-PoC\\node_modules\\express\\lib\\router\\index.js:346:12)\n    at next (C:\\Users\\jimzord12\\GitHub\\Honeypots-Contextual-Behavior-PoC\\node_modules\\express\\lib\\router\\index.js:280:10)\n    at C:\\Users\\jimzord12\\GitHub\\Honeypots-Contextual-Behavior-PoC\\node_modules\\hash-honeypot\\libs\\honeytraps\\cookie.js:27:9"}
{"level":"info","message":"Log -> Enable log transport:  file"}
{"level":"info","message":"App -> Starting HASH "}
{"level":"info","message":"Init -> Starting the server config"}
{"level":"info","message":"Init -> Configuring required middlewares (sessions, bodyparser)"}
{"level":"info","message":"Init -> Add session cookies"}
{"level":"info","message":"Init -> Configure datadog logger"}
{"level":"info","message":"Init -> Configure template engine"}
{"level":"info","message":"Init -> Expose global headers {\"Server\":\"nginx\"}"}
{"level":"info","message":"Template -> loading request templates from: myhoneypot2/templates"}
{"level":"info","message":"Template -> loading template: 404.yaml success "}
{"level":"info","message":"Template -> loading template: api.yaml success "}
{"level":"info","message":"Template -> loading template: articles.yaml success "}
{"level":"info","message":"Template -> loading template: authors.yaml success "}
{"level":"info","message":"Template -> loading template: cgi-bin.yaml success "}
{"level":"info","message":"Template -> loading template: default.yaml success "}
{"level":"info","message":"Simulator -> Mocking request api"}
{"level":"info","message":"Simulator -> Mocking request view-example"}
{"level":"info","message":"Simulator -> Mocking request sqli-error"}
{"level":"info","message":"Simulator -> Mocking request sqli-error"}
{"level":"info","message":"Simulator -> Mocking request cgi-bin"}
{"level":"info","message":"Simulator -> Mocking request default"}
{"level":"info","message":"Simulator -> Mocking request not_found"}
{"level":"info","message":"App -> listening on port 3000"}
{"level":"info","message":"Log -> Enable log transport:  file"}
{"level":"info","message":"App -> Starting HASH "}
{"level":"info","message":"Init -> Starting the server config"}
{"level":"info","message":"Init -> Configuring required middlewares (sessions, bodyparser)"}
{"level":"info","message":"Init -> Add session cookies"}
{"level":"info","message":"Init -> Configure datadog logger"}
{"level":"info","message":"Init -> Configure template engine"}
{"level":"info","message":"Init -> Expose global headers {\"Server\":\"nginx\"}"}
{"level":"info","message":"Template -> loading request templates from: myhoneypot2/templates"}
{"level":"info","message":"Template -> loading template: 404.yaml success "}
{"level":"info","message":"Template -> loading template: api.yaml success "}
{"level":"info","message":"Template -> loading template: articles.yaml success "}
{"level":"info","message":"Template -> loading template: authors.yaml success "}
{"level":"info","message":"Template -> loading template: cgi-bin.yaml success "}
{"level":"info","message":"Template -> loading template: default.yaml success "}
{"level":"info","message":"Simulator -> Mocking request api"}
{"level":"info","message":"Simulator -> Mocking request view-example"}
{"level":"info","message":"Simulator -> Mocking request sqli-error"}
{"level":"info","message":"Simulator -> Mocking request sqli-error"}
{"level":"info","message":"Simulator -> Mocking request cgi-bin"}
{"level":"info","message":"Simulator -> Mocking request default"}
{"level":"info","message":"Simulator -> Mocking request not_found"}
{"level":"info","message":"App -> listening on port 3000"}
{"level":"info","message":"Log -> Enable log transport:  file"}
{"level":"info","message":"App -> Starting HASH "}
{"level":"info","message":"Init -> Starting the server config"}
{"level":"info","message":"Init -> Configuring required middlewares (sessions, bodyparser)"}
{"level":"info","message":"Init -> Add session cookies"}
{"level":"info","message":"Init -> Configure datadog logger"}
{"level":"info","message":"Init -> Configure template engine"}
{"level":"info","message":"Init -> Expose global headers {\"Server\":\"nginx\"}"}
{"level":"info","message":"Template -> loading request templates from: myhoneypot2/templates"}
{"level":"info","message":"Template -> loading template: 404.yaml success "}
{"level":"info","message":"Template -> loading template: api.yaml success "}
{"level":"info","message":"Template -> loading template: articles.yaml success "}
{"level":"info","message":"Template -> loading template: authors.yaml success "}
{"level":"info","message":"Template -> loading template: cgi-bin.yaml success "}
{"level":"info","message":"Template -> loading template: default.yaml success "}
{"level":"info","message":"Simulator -> Mocking request api"}
{"level":"info","message":"Simulator -> Mocking request view-example"}
{"level":"info","message":"Simulator -> Mocking request sqli-error"}
{"level":"info","message":"Simulator -> Mocking request sqli-error"}
{"level":"info","message":"Simulator -> Mocking request sqli-error"}
{"level":"info","message":"Simulator -> Mocking request cgi-bin"}
{"level":"info","message":"Simulator -> Mocking request default"}
{"level":"info","message":"Simulator -> Mocking request not_found"}
{"level":"info","message":"App -> listening on port 3000"}
{"level":"info","message":"Simulator -> Trap hit, marking the session as malicious "}
{"http":{"client_ip":"::1","host":"localhost:3000","method":"GET","path":"/authors/123f"},"info":{"title":"SQL error honeytrap"},"level":"warn","message":"HASH: GET /authors/123f: SQL error honeytrap","request":{"body":{},"headers":{"accept":"text/html,application/xhtml+xml,application/xml;q=0.9,image/avif,image/webp,image/apng,*/*;q=0.8,application/signed-exchange;v=b3;q=0.7","accept-encoding":"gzip, deflate, br, zstd","accept-language":"en,el-GR;q=0.9,el;q=0.8","connection":"keep-alive","cookie":"second-cork=214dcf0bbdd2c7abeb041417cc90158abad7fac7; obvious-release=s%3ADxOpYu4odR9ki78saxVCqR_5EyqVfTqu.JYBky2i3MZHoZS%2B836dsMPOqhE0x%2B05uL16YSAWvsq8; ignorant-mansard=5ed7cd24f8e527c20d9a08f0982a15febe26e372; glaring-ass=s%3AshelT5noDwLVsJiYea3lG6P46amaKho6.fn%2F7zJfQ3nDoOem5wMGko%2B9VaMy0J1RylcJUkDjJvD8; firm-recovery=eb97ccceff8b22ac61bacb08fc247cebec9fae7f; knotty-graph=s%3AD81VMXpi5KEvHth129Ak_T54WD1n19kR.he2LsRBJhNr0DH%2FuHguYOFM4BXsP89bKan5hhr4igkU; competent-knot=ac1d73bb74ae47fc5f52baa8ad3d6efc4cefc4cb; exemplary-dusk=s%3AdDzC-6v9pcRLNc9AuvklkHUz8NopNUyI.LcCojf%2FaCnqpmMfvhpILj9yBPCjloTx1YGcm7hPUcUQ; scarce-sofa=20f9ecd3ff859691489af1cbe97fc8f61ed4db5c; plaintive-mom=s%3Ar7OMQuRsyi4neGngpIasKLLjS4zMGErs.RwJcBQAff7kW7otPopexxONKXjPPfTEUNAoB7ReMcXs; warped-mutton=02fa22f2a064ab61ddd8aff0ca235cab4aca35fb; caring-naming=s%3A98CXh1p9Z3wwQp8R_9PTrbNrcmZvl4CT.5TQLyrPyUk6rvNkGJiXQNewIwAPFV0VxUcMefvoSneo","cookie_parsed":{"caring-naming":"s:98CXh1p9Z3wwQp8R_9PTrbNrcmZvl4CT.5TQLyrPyUk6rvNkGJiXQNewIwAPFV0VxUcMefvoSneo","competent-knot":"ac1d73bb74ae47fc5f52baa8ad3d6efc4cefc4cb","exemplary-dusk":"s:dDzC-6v9pcRLNc9AuvklkHUz8NopNUyI.LcCojf/aCnqpmMfvhpILj9yBPCjloTx1YGcm7hPUcUQ","firm-recovery":"eb97ccceff8b22ac61bacb08fc247cebec9fae7f","glaring-ass":"s:shelT5noDwLVsJiYea3lG6P46amaKho6.fn/7zJfQ3nDoOem5wMGko+9VaMy0J1RylcJUkDjJvD8","ignorant-mansard":"5ed7cd24f8e527c20d9a08f0982a15febe26e372","knotty-graph":"s:D81VMXpi5KEvHth129Ak_T54WD1n19kR.he2LsRBJhNr0DH/uHguYOFM4BXsP89bKan5hhr4igkU","obvious-release":"s:DxOpYu4odR9ki78saxVCqR_5EyqVfTqu.JYBky2i3MZHoZS+836dsMPOqhE0x+05uL16YSAWvsq8","plaintive-mom":"s:r7OMQuRsyi4neGngpIasKLLjS4zMGErs.RwJcBQAff7kW7otPopexxONKXjPPfTEUNAoB7ReMcXs","scarce-sofa":"20f9ecd3ff859691489af1cbe97fc8f61ed4db5c","second-cork":"214dcf0bbdd2c7abeb041417cc90158abad7fac7","warped-mutton":"02fa22f2a064ab61ddd8aff0ca235cab4aca35fb"},"host":"localhost:3000","sec-ch-ua":"\"Chromium\";v=\"130\", \"Google Chrome\";v=\"130\", \"Not?A_Brand\";v=\"99\"","sec-ch-ua-mobile":"?0","sec-ch-ua-platform":"\"Windows\"","sec-fetch-dest":"document","sec-fetch-mode":"navigate","sec-fetch-site":"none","sec-fetch-user":"?1","upgrade-insecure-requests":"1","user-agent":"Mozilla/5.0 (Windows NT 10.0; Win64; x64) AppleWebKit/537.36 (KHTML, like Gecko) Chrome/130.0.0.0 Safari/537.36"},"params":{"Id":"123f"},"query":{}},"templateId":"sqli-error","type":"malicious"}
{"level":"error","message":"HTTP -> 500 error: Cannot read properties of null (reading 'appsec')","stack":"TypeError: Cannot read properties of null (reading 'appsec')\n    at exp.logger (C:\\Users\\jimzord12\\GitHub\\Honeypots-Contextual-Behavior-PoC\\node_modules\\hash-honeypot\\libs\\init.js:81:24)\n    at C:\\Users\\jimzord12\\GitHub\\Honeypots-Contextual-Behavior-PoC\\node_modules\\hash-honeypot\\libs\\simulator.js:130:27\n    at Layer.handle [as handle_request] (C:\\Users\\jimzord12\\GitHub\\Honeypots-Contextual-Behavior-PoC\\node_modules\\express\\lib\\router\\layer.js:95:5)\n    at next (C:\\Users\\jimzord12\\GitHub\\Honeypots-Contextual-Behavior-PoC\\node_modules\\express\\lib\\router\\route.js:149:13)\n    at Route.dispatch (C:\\Users\\jimzord12\\GitHub\\Honeypots-Contextual-Behavior-PoC\\node_modules\\express\\lib\\router\\route.js:119:3)\n    at Layer.handle [as handle_request] (C:\\Users\\jimzord12\\GitHub\\Honeypots-Contextual-Behavior-PoC\\node_modules\\express\\lib\\router\\layer.js:95:5)\n    at C:\\Users\\jimzord12\\GitHub\\Honeypots-Contextual-Behavior-PoC\\node_modules\\express\\lib\\router\\index.js:284:15\n    at param (C:\\Users\\jimzord12\\GitHub\\Honeypots-Contextual-Behavior-PoC\\node_modules\\express\\lib\\router\\index.js:365:14)\n    at param (C:\\Users\\jimzord12\\GitHub\\Honeypots-Contextual-Behavior-PoC\\node_modules\\express\\lib\\router\\index.js:376:14)\n    at Function.process_params (C:\\Users\\jimzord12\\GitHub\\Honeypots-Contextual-Behavior-PoC\\node_modules\\express\\lib\\router\\index.js:421:3)"}
{"level":"info","message":"Log -> Enable log transport:  file"}
{"level":"info","message":"App -> Starting HASH "}
{"level":"info","message":"Init -> Starting the server config"}
{"level":"info","message":"Init -> Configuring required middlewares (sessions, bodyparser)"}
{"level":"info","message":"Init -> Add session cookies"}
{"level":"info","message":"Init -> Configure datadog logger"}
{"level":"info","message":"Init -> Configure template engine"}
{"level":"info","message":"Init -> Expose global headers {\"Server\":\"nginx\"}"}
{"level":"info","message":"Template -> loading request templates from: myhoneypot2/templates"}
{"level":"info","message":"Template -> loading template: 404.yaml success "}
{"level":"info","message":"Template -> loading template: api.yaml success "}
{"level":"info","message":"Template -> loading template: articles.yaml success "}
{"level":"info","message":"Template -> loading template: authors.yaml success "}
{"level":"info","message":"Template -> loading template: cgi-bin.yaml success "}
{"level":"info","message":"Template -> loading template: default.yaml success "}
{"level":"info","message":"Simulator -> Mocking request api"}
{"level":"info","message":"Simulator -> Mocking request view-example"}
{"level":"info","message":"Simulator -> Mocking request sqli-error"}
{"level":"info","message":"Simulator -> Mocking request sqli-error"}
{"level":"info","message":"Simulator -> Mocking request sqli-error"}
{"level":"info","message":"Simulator -> Mocking request cgi-bin"}
{"level":"info","message":"Simulator -> Mocking request default"}
{"level":"info","message":"Simulator -> Mocking request not_found"}
{"level":"info","message":"App -> listening on port 3000"}
{"level":"info","message":"Simulator -> Trap hit, marking the session as malicious "}
{"http":{"client_ip":"::1","host":"localhost:3000","method":"GET","path":"/authors/123f"},"info":{"title":"SQL error honeytrap"},"level":"warn","message":"HASH: GET /authors/123f: SQL error honeytrap","request":{"body":{},"headers":{"accept":"text/html,application/xhtml+xml,application/xml;q=0.9,image/avif,image/webp,image/apng,*/*;q=0.8,application/signed-exchange;v=b3;q=0.7","accept-encoding":"gzip, deflate, br, zstd","accept-language":"en,el-GR;q=0.9,el;q=0.8","cache-control":"max-age=0","connection":"keep-alive","cookie":"second-cork=214dcf0bbdd2c7abeb041417cc90158abad7fac7; obvious-release=s%3ADxOpYu4odR9ki78saxVCqR_5EyqVfTqu.JYBky2i3MZHoZS%2B836dsMPOqhE0x%2B05uL16YSAWvsq8; ignorant-mansard=5ed7cd24f8e527c20d9a08f0982a15febe26e372; glaring-ass=s%3AshelT5noDwLVsJiYea3lG6P46amaKho6.fn%2F7zJfQ3nDoOem5wMGko%2B9VaMy0J1RylcJUkDjJvD8; firm-recovery=eb97ccceff8b22ac61bacb08fc247cebec9fae7f; knotty-graph=s%3AD81VMXpi5KEvHth129Ak_T54WD1n19kR.he2LsRBJhNr0DH%2FuHguYOFM4BXsP89bKan5hhr4igkU; competent-knot=ac1d73bb74ae47fc5f52baa8ad3d6efc4cefc4cb; exemplary-dusk=s%3AdDzC-6v9pcRLNc9AuvklkHUz8NopNUyI.LcCojf%2FaCnqpmMfvhpILj9yBPCjloTx1YGcm7hPUcUQ; scarce-sofa=20f9ecd3ff859691489af1cbe97fc8f61ed4db5c; plaintive-mom=s%3Ar7OMQuRsyi4neGngpIasKLLjS4zMGErs.RwJcBQAff7kW7otPopexxONKXjPPfTEUNAoB7ReMcXs; warped-mutton=02fa22f2a064ab61ddd8aff0ca235cab4aca35fb; caring-naming=s%3A98CXh1p9Z3wwQp8R_9PTrbNrcmZvl4CT.5TQLyrPyUk6rvNkGJiXQNewIwAPFV0VxUcMefvoSneo","cookie_parsed":{"caring-naming":"s:98CXh1p9Z3wwQp8R_9PTrbNrcmZvl4CT.5TQLyrPyUk6rvNkGJiXQNewIwAPFV0VxUcMefvoSneo","competent-knot":"ac1d73bb74ae47fc5f52baa8ad3d6efc4cefc4cb","exemplary-dusk":"s:dDzC-6v9pcRLNc9AuvklkHUz8NopNUyI.LcCojf/aCnqpmMfvhpILj9yBPCjloTx1YGcm7hPUcUQ","firm-recovery":"eb97ccceff8b22ac61bacb08fc247cebec9fae7f","glaring-ass":"s:shelT5noDwLVsJiYea3lG6P46amaKho6.fn/7zJfQ3nDoOem5wMGko+9VaMy0J1RylcJUkDjJvD8","ignorant-mansard":"5ed7cd24f8e527c20d9a08f0982a15febe26e372","knotty-graph":"s:D81VMXpi5KEvHth129Ak_T54WD1n19kR.he2LsRBJhNr0DH/uHguYOFM4BXsP89bKan5hhr4igkU","obvious-release":"s:DxOpYu4odR9ki78saxVCqR_5EyqVfTqu.JYBky2i3MZHoZS+836dsMPOqhE0x+05uL16YSAWvsq8","plaintive-mom":"s:r7OMQuRsyi4neGngpIasKLLjS4zMGErs.RwJcBQAff7kW7otPopexxONKXjPPfTEUNAoB7ReMcXs","scarce-sofa":"20f9ecd3ff859691489af1cbe97fc8f61ed4db5c","second-cork":"214dcf0bbdd2c7abeb041417cc90158abad7fac7","warped-mutton":"02fa22f2a064ab61ddd8aff0ca235cab4aca35fb"},"host":"localhost:3000","sec-ch-ua":"\"Chromium\";v=\"130\", \"Google Chrome\";v=\"130\", \"Not?A_Brand\";v=\"99\"","sec-ch-ua-mobile":"?0","sec-ch-ua-platform":"\"Windows\"","sec-fetch-dest":"document","sec-fetch-mode":"navigate","sec-fetch-site":"none","sec-fetch-user":"?1","upgrade-insecure-requests":"1","user-agent":"Mozilla/5.0 (Windows NT 10.0; Win64; x64) AppleWebKit/537.36 (KHTML, like Gecko) Chrome/130.0.0.0 Safari/537.36"},"params":{"Id":"123f"},"query":{}},"templateId":"sqli-error","type":"malicious"}
{"level":"error","message":"HTTP -> 500 error: Cannot read properties of null (reading 'appsec')","stack":"TypeError: Cannot read properties of null (reading 'appsec')\n    at exp.logger (C:\\Users\\jimzord12\\GitHub\\Honeypots-Contextual-Behavior-PoC\\node_modules\\hash-honeypot\\libs\\init.js:81:24)\n    at C:\\Users\\jimzord12\\GitHub\\Honeypots-Contextual-Behavior-PoC\\node_modules\\hash-honeypot\\libs\\simulator.js:130:27\n    at Layer.handle [as handle_request] (C:\\Users\\jimzord12\\GitHub\\Honeypots-Contextual-Behavior-PoC\\node_modules\\express\\lib\\router\\layer.js:95:5)\n    at next (C:\\Users\\jimzord12\\GitHub\\Honeypots-Contextual-Behavior-PoC\\node_modules\\express\\lib\\router\\route.js:149:13)\n    at Route.dispatch (C:\\Users\\jimzord12\\GitHub\\Honeypots-Contextual-Behavior-PoC\\node_modules\\express\\lib\\router\\route.js:119:3)\n    at Layer.handle [as handle_request] (C:\\Users\\jimzord12\\GitHub\\Honeypots-Contextual-Behavior-PoC\\node_modules\\express\\lib\\router\\layer.js:95:5)\n    at C:\\Users\\jimzord12\\GitHub\\Honeypots-Contextual-Behavior-PoC\\node_modules\\express\\lib\\router\\index.js:284:15\n    at param (C:\\Users\\jimzord12\\GitHub\\Honeypots-Contextual-Behavior-PoC\\node_modules\\express\\lib\\router\\index.js:365:14)\n    at param (C:\\Users\\jimzord12\\GitHub\\Honeypots-Contextual-Behavior-PoC\\node_modules\\express\\lib\\router\\index.js:376:14)\n    at Function.process_params (C:\\Users\\jimzord12\\GitHub\\Honeypots-Contextual-Behavior-PoC\\node_modules\\express\\lib\\router\\index.js:421:3)"}
{"level":"info","message":"Simulator -> Trap hit, marking the session as malicious "}
{"http":{"client_ip":"::1","host":"localhost:3000","method":"GET","path":"/authors/123f"},"info":{"title":"SQL error honeytrap"},"level":"warn","message":"HASH: GET /authors/123f: SQL error honeytrap","request":{"body":{},"headers":{"accept":"text/html,application/xhtml+xml,application/xml;q=0.9,image/avif,image/webp,image/apng,*/*;q=0.8,application/signed-exchange;v=b3;q=0.7","accept-encoding":"gzip, deflate, br, zstd","accept-language":"en,el-GR;q=0.9,el;q=0.8","cache-control":"max-age=0","connection":"keep-alive","cookie":"second-cork=214dcf0bbdd2c7abeb041417cc90158abad7fac7; obvious-release=s%3ADxOpYu4odR9ki78saxVCqR_5EyqVfTqu.JYBky2i3MZHoZS%2B836dsMPOqhE0x%2B05uL16YSAWvsq8; ignorant-mansard=5ed7cd24f8e527c20d9a08f0982a15febe26e372; glaring-ass=s%3AshelT5noDwLVsJiYea3lG6P46amaKho6.fn%2F7zJfQ3nDoOem5wMGko%2B9VaMy0J1RylcJUkDjJvD8; firm-recovery=eb97ccceff8b22ac61bacb08fc247cebec9fae7f; knotty-graph=s%3AD81VMXpi5KEvHth129Ak_T54WD1n19kR.he2LsRBJhNr0DH%2FuHguYOFM4BXsP89bKan5hhr4igkU; competent-knot=ac1d73bb74ae47fc5f52baa8ad3d6efc4cefc4cb; exemplary-dusk=s%3AdDzC-6v9pcRLNc9AuvklkHUz8NopNUyI.LcCojf%2FaCnqpmMfvhpILj9yBPCjloTx1YGcm7hPUcUQ; scarce-sofa=20f9ecd3ff859691489af1cbe97fc8f61ed4db5c; plaintive-mom=s%3Ar7OMQuRsyi4neGngpIasKLLjS4zMGErs.RwJcBQAff7kW7otPopexxONKXjPPfTEUNAoB7ReMcXs; warped-mutton=02fa22f2a064ab61ddd8aff0ca235cab4aca35fb; caring-naming=s%3A98CXh1p9Z3wwQp8R_9PTrbNrcmZvl4CT.5TQLyrPyUk6rvNkGJiXQNewIwAPFV0VxUcMefvoSneo; raw-algebra=8a3617b14291d250eecddae3eeef7ab50d317f96; amazing-audit=s%3A1IptuqXA8mr8hxPzM6KxgbhU_dhImilp.IPIX0ODpn7sWD%2BqCh%2B%2BEHF8wGVQxmHWEf3Wk5XnVSjE","cookie_parsed":{"amazing-audit":"s:1IptuqXA8mr8hxPzM6KxgbhU_dhImilp.IPIX0ODpn7sWD+qCh++EHF8wGVQxmHWEf3Wk5XnVSjE","caring-naming":"s:98CXh1p9Z3wwQp8R_9PTrbNrcmZvl4CT.5TQLyrPyUk6rvNkGJiXQNewIwAPFV0VxUcMefvoSneo","competent-knot":"ac1d73bb74ae47fc5f52baa8ad3d6efc4cefc4cb","exemplary-dusk":"s:dDzC-6v9pcRLNc9AuvklkHUz8NopNUyI.LcCojf/aCnqpmMfvhpILj9yBPCjloTx1YGcm7hPUcUQ","firm-recovery":"eb97ccceff8b22ac61bacb08fc247cebec9fae7f","glaring-ass":"s:shelT5noDwLVsJiYea3lG6P46amaKho6.fn/7zJfQ3nDoOem5wMGko+9VaMy0J1RylcJUkDjJvD8","ignorant-mansard":"5ed7cd24f8e527c20d9a08f0982a15febe26e372","knotty-graph":"s:D81VMXpi5KEvHth129Ak_T54WD1n19kR.he2LsRBJhNr0DH/uHguYOFM4BXsP89bKan5hhr4igkU","obvious-release":"s:DxOpYu4odR9ki78saxVCqR_5EyqVfTqu.JYBky2i3MZHoZS+836dsMPOqhE0x+05uL16YSAWvsq8","plaintive-mom":"s:r7OMQuRsyi4neGngpIasKLLjS4zMGErs.RwJcBQAff7kW7otPopexxONKXjPPfTEUNAoB7ReMcXs","raw-algebra":"8a3617b14291d250eecddae3eeef7ab50d317f96","scarce-sofa":"20f9ecd3ff859691489af1cbe97fc8f61ed4db5c","second-cork":"214dcf0bbdd2c7abeb041417cc90158abad7fac7","warped-mutton":"02fa22f2a064ab61ddd8aff0ca235cab4aca35fb"},"host":"localhost:3000","sec-ch-ua":"\"Chromium\";v=\"130\", \"Google Chrome\";v=\"130\", \"Not?A_Brand\";v=\"99\"","sec-ch-ua-mobile":"?0","sec-ch-ua-platform":"\"Windows\"","sec-fetch-dest":"document","sec-fetch-mode":"navigate","sec-fetch-site":"none","sec-fetch-user":"?1","upgrade-insecure-requests":"1","user-agent":"Mozilla/5.0 (Windows NT 10.0; Win64; x64) AppleWebKit/537.36 (KHTML, like Gecko) Chrome/130.0.0.0 Safari/537.36"},"params":{"Id":"123f"},"query":{}},"templateId":"sqli-error","type":"malicious"}
{"level":"error","message":"HTTP -> 500 error: Cannot read properties of null (reading 'appsec')","stack":"TypeError: Cannot read properties of null (reading 'appsec')\n    at exp.logger (C:\\Users\\jimzord12\\GitHub\\Honeypots-Contextual-Behavior-PoC\\node_modules\\hash-honeypot\\libs\\init.js:81:24)\n    at C:\\Users\\jimzord12\\GitHub\\Honeypots-Contextual-Behavior-PoC\\node_modules\\hash-honeypot\\libs\\simulator.js:130:27\n    at Layer.handle [as handle_request] (C:\\Users\\jimzord12\\GitHub\\Honeypots-Contextual-Behavior-PoC\\node_modules\\express\\lib\\router\\layer.js:95:5)\n    at next (C:\\Users\\jimzord12\\GitHub\\Honeypots-Contextual-Behavior-PoC\\node_modules\\express\\lib\\router\\route.js:149:13)\n    at Route.dispatch (C:\\Users\\jimzord12\\GitHub\\Honeypots-Contextual-Behavior-PoC\\node_modules\\express\\lib\\router\\route.js:119:3)\n    at Layer.handle [as handle_request] (C:\\Users\\jimzord12\\GitHub\\Honeypots-Contextual-Behavior-PoC\\node_modules\\express\\lib\\router\\layer.js:95:5)\n    at C:\\Users\\jimzord12\\GitHub\\Honeypots-Contextual-Behavior-PoC\\node_modules\\express\\lib\\router\\index.js:284:15\n    at param (C:\\Users\\jimzord12\\GitHub\\Honeypots-Contextual-Behavior-PoC\\node_modules\\express\\lib\\router\\index.js:365:14)\n    at param (C:\\Users\\jimzord12\\GitHub\\Honeypots-Contextual-Behavior-PoC\\node_modules\\express\\lib\\router\\index.js:376:14)\n    at Function.process_params (C:\\Users\\jimzord12\\GitHub\\Honeypots-Contextual-Behavior-PoC\\node_modules\\express\\lib\\router\\index.js:421:3)"}
{"level":"info","message":"Simulator -> Trap hit, marking the session as malicious "}
{"http":{"client_ip":"::1","host":"localhost:3000","method":"GET","path":"/authors/123f"},"info":{"title":"SQL error honeytrap"},"level":"warn","message":"HASH: GET /authors/123f: SQL error honeytrap","request":{"body":{},"headers":{"accept":"text/html,application/xhtml+xml,application/xml;q=0.9,image/avif,image/webp,image/apng,*/*;q=0.8,application/signed-exchange;v=b3;q=0.7","accept-encoding":"gzip, deflate, br, zstd","accept-language":"en,el-GR;q=0.9,el;q=0.8","cache-control":"max-age=0","connection":"keep-alive","cookie":"second-cork=214dcf0bbdd2c7abeb041417cc90158abad7fac7; obvious-release=s%3ADxOpYu4odR9ki78saxVCqR_5EyqVfTqu.JYBky2i3MZHoZS%2B836dsMPOqhE0x%2B05uL16YSAWvsq8; ignorant-mansard=5ed7cd24f8e527c20d9a08f0982a15febe26e372; glaring-ass=s%3AshelT5noDwLVsJiYea3lG6P46amaKho6.fn%2F7zJfQ3nDoOem5wMGko%2B9VaMy0J1RylcJUkDjJvD8; firm-recovery=eb97ccceff8b22ac61bacb08fc247cebec9fae7f; knotty-graph=s%3AD81VMXpi5KEvHth129Ak_T54WD1n19kR.he2LsRBJhNr0DH%2FuHguYOFM4BXsP89bKan5hhr4igkU; competent-knot=ac1d73bb74ae47fc5f52baa8ad3d6efc4cefc4cb; exemplary-dusk=s%3AdDzC-6v9pcRLNc9AuvklkHUz8NopNUyI.LcCojf%2FaCnqpmMfvhpILj9yBPCjloTx1YGcm7hPUcUQ; scarce-sofa=20f9ecd3ff859691489af1cbe97fc8f61ed4db5c; plaintive-mom=s%3Ar7OMQuRsyi4neGngpIasKLLjS4zMGErs.RwJcBQAff7kW7otPopexxONKXjPPfTEUNAoB7ReMcXs; warped-mutton=02fa22f2a064ab61ddd8aff0ca235cab4aca35fb; caring-naming=s%3A98CXh1p9Z3wwQp8R_9PTrbNrcmZvl4CT.5TQLyrPyUk6rvNkGJiXQNewIwAPFV0VxUcMefvoSneo; raw-algebra=8a3617b14291d250eecddae3eeef7ab50d317f96; amazing-audit=s%3A1IptuqXA8mr8hxPzM6KxgbhU_dhImilp.IPIX0ODpn7sWD%2BqCh%2B%2BEHF8wGVQxmHWEf3Wk5XnVSjE","cookie_parsed":{"amazing-audit":"s:1IptuqXA8mr8hxPzM6KxgbhU_dhImilp.IPIX0ODpn7sWD+qCh++EHF8wGVQxmHWEf3Wk5XnVSjE","caring-naming":"s:98CXh1p9Z3wwQp8R_9PTrbNrcmZvl4CT.5TQLyrPyUk6rvNkGJiXQNewIwAPFV0VxUcMefvoSneo","competent-knot":"ac1d73bb74ae47fc5f52baa8ad3d6efc4cefc4cb","exemplary-dusk":"s:dDzC-6v9pcRLNc9AuvklkHUz8NopNUyI.LcCojf/aCnqpmMfvhpILj9yBPCjloTx1YGcm7hPUcUQ","firm-recovery":"eb97ccceff8b22ac61bacb08fc247cebec9fae7f","glaring-ass":"s:shelT5noDwLVsJiYea3lG6P46amaKho6.fn/7zJfQ3nDoOem5wMGko+9VaMy0J1RylcJUkDjJvD8","ignorant-mansard":"5ed7cd24f8e527c20d9a08f0982a15febe26e372","knotty-graph":"s:D81VMXpi5KEvHth129Ak_T54WD1n19kR.he2LsRBJhNr0DH/uHguYOFM4BXsP89bKan5hhr4igkU","obvious-release":"s:DxOpYu4odR9ki78saxVCqR_5EyqVfTqu.JYBky2i3MZHoZS+836dsMPOqhE0x+05uL16YSAWvsq8","plaintive-mom":"s:r7OMQuRsyi4neGngpIasKLLjS4zMGErs.RwJcBQAff7kW7otPopexxONKXjPPfTEUNAoB7ReMcXs","raw-algebra":"8a3617b14291d250eecddae3eeef7ab50d317f96","scarce-sofa":"20f9ecd3ff859691489af1cbe97fc8f61ed4db5c","second-cork":"214dcf0bbdd2c7abeb041417cc90158abad7fac7","warped-mutton":"02fa22f2a064ab61ddd8aff0ca235cab4aca35fb"},"host":"localhost:3000","sec-ch-ua":"\"Chromium\";v=\"130\", \"Google Chrome\";v=\"130\", \"Not?A_Brand\";v=\"99\"","sec-ch-ua-mobile":"?0","sec-ch-ua-platform":"\"Windows\"","sec-fetch-dest":"document","sec-fetch-mode":"navigate","sec-fetch-site":"none","sec-fetch-user":"?1","upgrade-insecure-requests":"1","user-agent":"Mozilla/5.0 (Windows NT 10.0; Win64; x64) AppleWebKit/537.36 (KHTML, like Gecko) Chrome/130.0.0.0 Safari/537.36"},"params":{"Id":"123f"},"query":{}},"templateId":"sqli-error","type":"malicious"}
{"level":"error","message":"HTTP -> 500 error: Cannot read properties of null (reading 'appsec')","stack":"TypeError: Cannot read properties of null (reading 'appsec')\n    at exp.logger (C:\\Users\\jimzord12\\GitHub\\Honeypots-Contextual-Behavior-PoC\\node_modules\\hash-honeypot\\libs\\init.js:81:24)\n    at C:\\Users\\jimzord12\\GitHub\\Honeypots-Contextual-Behavior-PoC\\node_modules\\hash-honeypot\\libs\\simulator.js:130:27\n    at Layer.handle [as handle_request] (C:\\Users\\jimzord12\\GitHub\\Honeypots-Contextual-Behavior-PoC\\node_modules\\express\\lib\\router\\layer.js:95:5)\n    at next (C:\\Users\\jimzord12\\GitHub\\Honeypots-Contextual-Behavior-PoC\\node_modules\\express\\lib\\router\\route.js:149:13)\n    at Route.dispatch (C:\\Users\\jimzord12\\GitHub\\Honeypots-Contextual-Behavior-PoC\\node_modules\\express\\lib\\router\\route.js:119:3)\n    at Layer.handle [as handle_request] (C:\\Users\\jimzord12\\GitHub\\Honeypots-Contextual-Behavior-PoC\\node_modules\\express\\lib\\router\\layer.js:95:5)\n    at C:\\Users\\jimzord12\\GitHub\\Honeypots-Contextual-Behavior-PoC\\node_modules\\express\\lib\\router\\index.js:284:15\n    at param (C:\\Users\\jimzord12\\GitHub\\Honeypots-Contextual-Behavior-PoC\\node_modules\\express\\lib\\router\\index.js:365:14)\n    at param (C:\\Users\\jimzord12\\GitHub\\Honeypots-Contextual-Behavior-PoC\\node_modules\\express\\lib\\router\\index.js:376:14)\n    at Function.process_params (C:\\Users\\jimzord12\\GitHub\\Honeypots-Contextual-Behavior-PoC\\node_modules\\express\\lib\\router\\index.js:421:3)"}
{"level":"info","message":"Simulator -> Trap hit, marking the session as malicious "}
{"http":{"client_ip":"::1","host":"localhost:3000","method":"GET","path":"/authors/123f"},"info":{"title":"SQL error honeytrap"},"level":"warn","message":"HASH: GET /authors/123f: SQL error honeytrap","request":{"body":{},"headers":{"accept":"text/html,application/xhtml+xml,application/xml;q=0.9,image/avif,image/webp,image/apng,*/*;q=0.8,application/signed-exchange;v=b3;q=0.7","accept-encoding":"gzip, deflate, br, zstd","accept-language":"en,el-GR;q=0.9,el;q=0.8","cache-control":"max-age=0","connection":"keep-alive","cookie":"second-cork=214dcf0bbdd2c7abeb041417cc90158abad7fac7; obvious-release=s%3ADxOpYu4odR9ki78saxVCqR_5EyqVfTqu.JYBky2i3MZHoZS%2B836dsMPOqhE0x%2B05uL16YSAWvsq8; ignorant-mansard=5ed7cd24f8e527c20d9a08f0982a15febe26e372; glaring-ass=s%3AshelT5noDwLVsJiYea3lG6P46amaKho6.fn%2F7zJfQ3nDoOem5wMGko%2B9VaMy0J1RylcJUkDjJvD8; firm-recovery=eb97ccceff8b22ac61bacb08fc247cebec9fae7f; knotty-graph=s%3AD81VMXpi5KEvHth129Ak_T54WD1n19kR.he2LsRBJhNr0DH%2FuHguYOFM4BXsP89bKan5hhr4igkU; competent-knot=ac1d73bb74ae47fc5f52baa8ad3d6efc4cefc4cb; exemplary-dusk=s%3AdDzC-6v9pcRLNc9AuvklkHUz8NopNUyI.LcCojf%2FaCnqpmMfvhpILj9yBPCjloTx1YGcm7hPUcUQ; scarce-sofa=20f9ecd3ff859691489af1cbe97fc8f61ed4db5c; plaintive-mom=s%3Ar7OMQuRsyi4neGngpIasKLLjS4zMGErs.RwJcBQAff7kW7otPopexxONKXjPPfTEUNAoB7ReMcXs; warped-mutton=02fa22f2a064ab61ddd8aff0ca235cab4aca35fb; caring-naming=s%3A98CXh1p9Z3wwQp8R_9PTrbNrcmZvl4CT.5TQLyrPyUk6rvNkGJiXQNewIwAPFV0VxUcMefvoSneo; raw-algebra=8a3617b14291d250eecddae3eeef7ab50d317f96; amazing-audit=s%3A1IptuqXA8mr8hxPzM6KxgbhU_dhImilp.IPIX0ODpn7sWD%2BqCh%2B%2BEHF8wGVQxmHWEf3Wk5XnVSjE","cookie_parsed":{"amazing-audit":"s:1IptuqXA8mr8hxPzM6KxgbhU_dhImilp.IPIX0ODpn7sWD+qCh++EHF8wGVQxmHWEf3Wk5XnVSjE","caring-naming":"s:98CXh1p9Z3wwQp8R_9PTrbNrcmZvl4CT.5TQLyrPyUk6rvNkGJiXQNewIwAPFV0VxUcMefvoSneo","competent-knot":"ac1d73bb74ae47fc5f52baa8ad3d6efc4cefc4cb","exemplary-dusk":"s:dDzC-6v9pcRLNc9AuvklkHUz8NopNUyI.LcCojf/aCnqpmMfvhpILj9yBPCjloTx1YGcm7hPUcUQ","firm-recovery":"eb97ccceff8b22ac61bacb08fc247cebec9fae7f","glaring-ass":"s:shelT5noDwLVsJiYea3lG6P46amaKho6.fn/7zJfQ3nDoOem5wMGko+9VaMy0J1RylcJUkDjJvD8","ignorant-mansard":"5ed7cd24f8e527c20d9a08f0982a15febe26e372","knotty-graph":"s:D81VMXpi5KEvHth129Ak_T54WD1n19kR.he2LsRBJhNr0DH/uHguYOFM4BXsP89bKan5hhr4igkU","obvious-release":"s:DxOpYu4odR9ki78saxVCqR_5EyqVfTqu.JYBky2i3MZHoZS+836dsMPOqhE0x+05uL16YSAWvsq8","plaintive-mom":"s:r7OMQuRsyi4neGngpIasKLLjS4zMGErs.RwJcBQAff7kW7otPopexxONKXjPPfTEUNAoB7ReMcXs","raw-algebra":"8a3617b14291d250eecddae3eeef7ab50d317f96","scarce-sofa":"20f9ecd3ff859691489af1cbe97fc8f61ed4db5c","second-cork":"214dcf0bbdd2c7abeb041417cc90158abad7fac7","warped-mutton":"02fa22f2a064ab61ddd8aff0ca235cab4aca35fb"},"host":"localhost:3000","sec-ch-ua":"\"Chromium\";v=\"130\", \"Google Chrome\";v=\"130\", \"Not?A_Brand\";v=\"99\"","sec-ch-ua-mobile":"?0","sec-ch-ua-platform":"\"Windows\"","sec-fetch-dest":"document","sec-fetch-mode":"navigate","sec-fetch-site":"none","sec-fetch-user":"?1","upgrade-insecure-requests":"1","user-agent":"Mozilla/5.0 (Windows NT 10.0; Win64; x64) AppleWebKit/537.36 (KHTML, like Gecko) Chrome/130.0.0.0 Safari/537.36"},"params":{"Id":"123f"},"query":{}},"templateId":"sqli-error","type":"malicious"}
{"level":"error","message":"HTTP -> 500 error: Cannot read properties of null (reading 'appsec')","stack":"TypeError: Cannot read properties of null (reading 'appsec')\n    at exp.logger (C:\\Users\\jimzord12\\GitHub\\Honeypots-Contextual-Behavior-PoC\\node_modules\\hash-honeypot\\libs\\init.js:81:24)\n    at C:\\Users\\jimzord12\\GitHub\\Honeypots-Contextual-Behavior-PoC\\node_modules\\hash-honeypot\\libs\\simulator.js:130:27\n    at Layer.handle [as handle_request] (C:\\Users\\jimzord12\\GitHub\\Honeypots-Contextual-Behavior-PoC\\node_modules\\express\\lib\\router\\layer.js:95:5)\n    at next (C:\\Users\\jimzord12\\GitHub\\Honeypots-Contextual-Behavior-PoC\\node_modules\\express\\lib\\router\\route.js:149:13)\n    at Route.dispatch (C:\\Users\\jimzord12\\GitHub\\Honeypots-Contextual-Behavior-PoC\\node_modules\\express\\lib\\router\\route.js:119:3)\n    at Layer.handle [as handle_request] (C:\\Users\\jimzord12\\GitHub\\Honeypots-Contextual-Behavior-PoC\\node_modules\\express\\lib\\router\\layer.js:95:5)\n    at C:\\Users\\jimzord12\\GitHub\\Honeypots-Contextual-Behavior-PoC\\node_modules\\express\\lib\\router\\index.js:284:15\n    at param (C:\\Users\\jimzord12\\GitHub\\Honeypots-Contextual-Behavior-PoC\\node_modules\\express\\lib\\router\\index.js:365:14)\n    at param (C:\\Users\\jimzord12\\GitHub\\Honeypots-Contextual-Behavior-PoC\\node_modules\\express\\lib\\router\\index.js:376:14)\n    at Function.process_params (C:\\Users\\jimzord12\\GitHub\\Honeypots-Contextual-Behavior-PoC\\node_modules\\express\\lib\\router\\index.js:421:3)"}
{"level":"info","message":"Simulator -> Trap hit, marking the session as malicious "}
{"http":{"client_ip":"::1","host":"localhost:3000","method":"GET","path":"/authors/123f"},"info":{"title":"SQL error honeytrap"},"level":"warn","message":"HASH: GET /authors/123f: SQL error honeytrap","request":{"body":{},"headers":{"accept":"text/html,application/xhtml+xml,application/xml;q=0.9,image/avif,image/webp,image/apng,*/*;q=0.8,application/signed-exchange;v=b3;q=0.7","accept-encoding":"gzip, deflate, br, zstd","accept-language":"en,el-GR;q=0.9,el;q=0.8","cache-control":"max-age=0","connection":"keep-alive","cookie":"second-cork=214dcf0bbdd2c7abeb041417cc90158abad7fac7; obvious-release=s%3ADxOpYu4odR9ki78saxVCqR_5EyqVfTqu.JYBky2i3MZHoZS%2B836dsMPOqhE0x%2B05uL16YSAWvsq8; ignorant-mansard=5ed7cd24f8e527c20d9a08f0982a15febe26e372; glaring-ass=s%3AshelT5noDwLVsJiYea3lG6P46amaKho6.fn%2F7zJfQ3nDoOem5wMGko%2B9VaMy0J1RylcJUkDjJvD8; firm-recovery=eb97ccceff8b22ac61bacb08fc247cebec9fae7f; knotty-graph=s%3AD81VMXpi5KEvHth129Ak_T54WD1n19kR.he2LsRBJhNr0DH%2FuHguYOFM4BXsP89bKan5hhr4igkU; competent-knot=ac1d73bb74ae47fc5f52baa8ad3d6efc4cefc4cb; exemplary-dusk=s%3AdDzC-6v9pcRLNc9AuvklkHUz8NopNUyI.LcCojf%2FaCnqpmMfvhpILj9yBPCjloTx1YGcm7hPUcUQ; scarce-sofa=20f9ecd3ff859691489af1cbe97fc8f61ed4db5c; plaintive-mom=s%3Ar7OMQuRsyi4neGngpIasKLLjS4zMGErs.RwJcBQAff7kW7otPopexxONKXjPPfTEUNAoB7ReMcXs; warped-mutton=02fa22f2a064ab61ddd8aff0ca235cab4aca35fb; caring-naming=s%3A98CXh1p9Z3wwQp8R_9PTrbNrcmZvl4CT.5TQLyrPyUk6rvNkGJiXQNewIwAPFV0VxUcMefvoSneo; raw-algebra=8a3617b14291d250eecddae3eeef7ab50d317f96; amazing-audit=s%3A1IptuqXA8mr8hxPzM6KxgbhU_dhImilp.IPIX0ODpn7sWD%2BqCh%2B%2BEHF8wGVQxmHWEf3Wk5XnVSjE","cookie_parsed":{"amazing-audit":"s:1IptuqXA8mr8hxPzM6KxgbhU_dhImilp.IPIX0ODpn7sWD+qCh++EHF8wGVQxmHWEf3Wk5XnVSjE","caring-naming":"s:98CXh1p9Z3wwQp8R_9PTrbNrcmZvl4CT.5TQLyrPyUk6rvNkGJiXQNewIwAPFV0VxUcMefvoSneo","competent-knot":"ac1d73bb74ae47fc5f52baa8ad3d6efc4cefc4cb","exemplary-dusk":"s:dDzC-6v9pcRLNc9AuvklkHUz8NopNUyI.LcCojf/aCnqpmMfvhpILj9yBPCjloTx1YGcm7hPUcUQ","firm-recovery":"eb97ccceff8b22ac61bacb08fc247cebec9fae7f","glaring-ass":"s:shelT5noDwLVsJiYea3lG6P46amaKho6.fn/7zJfQ3nDoOem5wMGko+9VaMy0J1RylcJUkDjJvD8","ignorant-mansard":"5ed7cd24f8e527c20d9a08f0982a15febe26e372","knotty-graph":"s:D81VMXpi5KEvHth129Ak_T54WD1n19kR.he2LsRBJhNr0DH/uHguYOFM4BXsP89bKan5hhr4igkU","obvious-release":"s:DxOpYu4odR9ki78saxVCqR_5EyqVfTqu.JYBky2i3MZHoZS+836dsMPOqhE0x+05uL16YSAWvsq8","plaintive-mom":"s:r7OMQuRsyi4neGngpIasKLLjS4zMGErs.RwJcBQAff7kW7otPopexxONKXjPPfTEUNAoB7ReMcXs","raw-algebra":"8a3617b14291d250eecddae3eeef7ab50d317f96","scarce-sofa":"20f9ecd3ff859691489af1cbe97fc8f61ed4db5c","second-cork":"214dcf0bbdd2c7abeb041417cc90158abad7fac7","warped-mutton":"02fa22f2a064ab61ddd8aff0ca235cab4aca35fb"},"host":"localhost:3000","sec-ch-ua":"\"Chromium\";v=\"130\", \"Google Chrome\";v=\"130\", \"Not?A_Brand\";v=\"99\"","sec-ch-ua-mobile":"?0","sec-ch-ua-platform":"\"Windows\"","sec-fetch-dest":"document","sec-fetch-mode":"navigate","sec-fetch-site":"none","sec-fetch-user":"?1","upgrade-insecure-requests":"1","user-agent":"Mozilla/5.0 (Windows NT 10.0; Win64; x64) AppleWebKit/537.36 (KHTML, like Gecko) Chrome/130.0.0.0 Safari/537.36"},"params":{"Id":"123f"},"query":{}},"templateId":"sqli-error","type":"malicious"}
{"level":"error","message":"HTTP -> 500 error: Cannot read properties of null (reading 'appsec')","stack":"TypeError: Cannot read properties of null (reading 'appsec')\n    at exp.logger (C:\\Users\\jimzord12\\GitHub\\Honeypots-Contextual-Behavior-PoC\\node_modules\\hash-honeypot\\libs\\init.js:81:24)\n    at C:\\Users\\jimzord12\\GitHub\\Honeypots-Contextual-Behavior-PoC\\node_modules\\hash-honeypot\\libs\\simulator.js:130:27\n    at Layer.handle [as handle_request] (C:\\Users\\jimzord12\\GitHub\\Honeypots-Contextual-Behavior-PoC\\node_modules\\express\\lib\\router\\layer.js:95:5)\n    at next (C:\\Users\\jimzord12\\GitHub\\Honeypots-Contextual-Behavior-PoC\\node_modules\\express\\lib\\router\\route.js:149:13)\n    at Route.dispatch (C:\\Users\\jimzord12\\GitHub\\Honeypots-Contextual-Behavior-PoC\\node_modules\\express\\lib\\router\\route.js:119:3)\n    at Layer.handle [as handle_request] (C:\\Users\\jimzord12\\GitHub\\Honeypots-Contextual-Behavior-PoC\\node_modules\\express\\lib\\router\\layer.js:95:5)\n    at C:\\Users\\jimzord12\\GitHub\\Honeypots-Contextual-Behavior-PoC\\node_modules\\express\\lib\\router\\index.js:284:15\n    at param (C:\\Users\\jimzord12\\GitHub\\Honeypots-Contextual-Behavior-PoC\\node_modules\\express\\lib\\router\\index.js:365:14)\n    at param (C:\\Users\\jimzord12\\GitHub\\Honeypots-Contextual-Behavior-PoC\\node_modules\\express\\lib\\router\\index.js:376:14)\n    at Function.process_params (C:\\Users\\jimzord12\\GitHub\\Honeypots-Contextual-Behavior-PoC\\node_modules\\express\\lib\\router\\index.js:421:3)"}
{"level":"info","message":"Simulator -> Trap hit, marking the session as malicious "}
{"http":{"client_ip":"::1","host":"localhost:3000","method":"GET","path":"/authors/123f"},"info":{"title":"SQL error honeytrap"},"level":"warn","message":"HASH: GET /authors/123f: SQL error honeytrap","request":{"body":{},"headers":{"accept":"text/html,application/xhtml+xml,application/xml;q=0.9,image/avif,image/webp,image/apng,*/*;q=0.8,application/signed-exchange;v=b3;q=0.7","accept-encoding":"gzip, deflate, br, zstd","accept-language":"en,el-GR;q=0.9,el;q=0.8","cache-control":"max-age=0","connection":"keep-alive","cookie":"second-cork=214dcf0bbdd2c7abeb041417cc90158abad7fac7; obvious-release=s%3ADxOpYu4odR9ki78saxVCqR_5EyqVfTqu.JYBky2i3MZHoZS%2B836dsMPOqhE0x%2B05uL16YSAWvsq8; ignorant-mansard=5ed7cd24f8e527c20d9a08f0982a15febe26e372; glaring-ass=s%3AshelT5noDwLVsJiYea3lG6P46amaKho6.fn%2F7zJfQ3nDoOem5wMGko%2B9VaMy0J1RylcJUkDjJvD8; firm-recovery=eb97ccceff8b22ac61bacb08fc247cebec9fae7f; knotty-graph=s%3AD81VMXpi5KEvHth129Ak_T54WD1n19kR.he2LsRBJhNr0DH%2FuHguYOFM4BXsP89bKan5hhr4igkU; competent-knot=ac1d73bb74ae47fc5f52baa8ad3d6efc4cefc4cb; exemplary-dusk=s%3AdDzC-6v9pcRLNc9AuvklkHUz8NopNUyI.LcCojf%2FaCnqpmMfvhpILj9yBPCjloTx1YGcm7hPUcUQ; scarce-sofa=20f9ecd3ff859691489af1cbe97fc8f61ed4db5c; plaintive-mom=s%3Ar7OMQuRsyi4neGngpIasKLLjS4zMGErs.RwJcBQAff7kW7otPopexxONKXjPPfTEUNAoB7ReMcXs; warped-mutton=02fa22f2a064ab61ddd8aff0ca235cab4aca35fb; caring-naming=s%3A98CXh1p9Z3wwQp8R_9PTrbNrcmZvl4CT.5TQLyrPyUk6rvNkGJiXQNewIwAPFV0VxUcMefvoSneo; raw-algebra=8a3617b14291d250eecddae3eeef7ab50d317f96; amazing-audit=s%3A1IptuqXA8mr8hxPzM6KxgbhU_dhImilp.IPIX0ODpn7sWD%2BqCh%2B%2BEHF8wGVQxmHWEf3Wk5XnVSjE","cookie_parsed":{"amazing-audit":"s:1IptuqXA8mr8hxPzM6KxgbhU_dhImilp.IPIX0ODpn7sWD+qCh++EHF8wGVQxmHWEf3Wk5XnVSjE","caring-naming":"s:98CXh1p9Z3wwQp8R_9PTrbNrcmZvl4CT.5TQLyrPyUk6rvNkGJiXQNewIwAPFV0VxUcMefvoSneo","competent-knot":"ac1d73bb74ae47fc5f52baa8ad3d6efc4cefc4cb","exemplary-dusk":"s:dDzC-6v9pcRLNc9AuvklkHUz8NopNUyI.LcCojf/aCnqpmMfvhpILj9yBPCjloTx1YGcm7hPUcUQ","firm-recovery":"eb97ccceff8b22ac61bacb08fc247cebec9fae7f","glaring-ass":"s:shelT5noDwLVsJiYea3lG6P46amaKho6.fn/7zJfQ3nDoOem5wMGko+9VaMy0J1RylcJUkDjJvD8","ignorant-mansard":"5ed7cd24f8e527c20d9a08f0982a15febe26e372","knotty-graph":"s:D81VMXpi5KEvHth129Ak_T54WD1n19kR.he2LsRBJhNr0DH/uHguYOFM4BXsP89bKan5hhr4igkU","obvious-release":"s:DxOpYu4odR9ki78saxVCqR_5EyqVfTqu.JYBky2i3MZHoZS+836dsMPOqhE0x+05uL16YSAWvsq8","plaintive-mom":"s:r7OMQuRsyi4neGngpIasKLLjS4zMGErs.RwJcBQAff7kW7otPopexxONKXjPPfTEUNAoB7ReMcXs","raw-algebra":"8a3617b14291d250eecddae3eeef7ab50d317f96","scarce-sofa":"20f9ecd3ff859691489af1cbe97fc8f61ed4db5c","second-cork":"214dcf0bbdd2c7abeb041417cc90158abad7fac7","warped-mutton":"02fa22f2a064ab61ddd8aff0ca235cab4aca35fb"},"host":"localhost:3000","sec-ch-ua":"\"Chromium\";v=\"130\", \"Google Chrome\";v=\"130\", \"Not?A_Brand\";v=\"99\"","sec-ch-ua-mobile":"?0","sec-ch-ua-platform":"\"Windows\"","sec-fetch-dest":"document","sec-fetch-mode":"navigate","sec-fetch-site":"none","sec-fetch-user":"?1","upgrade-insecure-requests":"1","user-agent":"Mozilla/5.0 (Windows NT 10.0; Win64; x64) AppleWebKit/537.36 (KHTML, like Gecko) Chrome/130.0.0.0 Safari/537.36"},"params":{"Id":"123f"},"query":{}},"templateId":"sqli-error","type":"malicious"}
{"level":"error","message":"HTTP -> 500 error: Cannot read properties of null (reading 'appsec')","stack":"TypeError: Cannot read properties of null (reading 'appsec')\n    at exp.logger (C:\\Users\\jimzord12\\GitHub\\Honeypots-Contextual-Behavior-PoC\\node_modules\\hash-honeypot\\libs\\init.js:81:24)\n    at C:\\Users\\jimzord12\\GitHub\\Honeypots-Contextual-Behavior-PoC\\node_modules\\hash-honeypot\\libs\\simulator.js:130:27\n    at Layer.handle [as handle_request] (C:\\Users\\jimzord12\\GitHub\\Honeypots-Contextual-Behavior-PoC\\node_modules\\express\\lib\\router\\layer.js:95:5)\n    at next (C:\\Users\\jimzord12\\GitHub\\Honeypots-Contextual-Behavior-PoC\\node_modules\\express\\lib\\router\\route.js:149:13)\n    at Route.dispatch (C:\\Users\\jimzord12\\GitHub\\Honeypots-Contextual-Behavior-PoC\\node_modules\\express\\lib\\router\\route.js:119:3)\n    at Layer.handle [as handle_request] (C:\\Users\\jimzord12\\GitHub\\Honeypots-Contextual-Behavior-PoC\\node_modules\\express\\lib\\router\\layer.js:95:5)\n    at C:\\Users\\jimzord12\\GitHub\\Honeypots-Contextual-Behavior-PoC\\node_modules\\express\\lib\\router\\index.js:284:15\n    at param (C:\\Users\\jimzord12\\GitHub\\Honeypots-Contextual-Behavior-PoC\\node_modules\\express\\lib\\router\\index.js:365:14)\n    at param (C:\\Users\\jimzord12\\GitHub\\Honeypots-Contextual-Behavior-PoC\\node_modules\\express\\lib\\router\\index.js:376:14)\n    at Function.process_params (C:\\Users\\jimzord12\\GitHub\\Honeypots-Contextual-Behavior-PoC\\node_modules\\express\\lib\\router\\index.js:421:3)"}
{"level":"info","message":"Simulator -> Trap hit, marking the session as malicious "}
{"http":{"client_ip":"::1","host":"localhost:3000","method":"GET","path":"/authors/123f"},"info":{"title":"SQL error honeytrap"},"level":"warn","message":"HASH: GET /authors/123f: SQL error honeytrap","request":{"body":{},"headers":{"accept":"text/html,application/xhtml+xml,application/xml;q=0.9,image/avif,image/webp,image/apng,*/*;q=0.8,application/signed-exchange;v=b3;q=0.7","accept-encoding":"gzip, deflate, br, zstd","accept-language":"en,el-GR;q=0.9,el;q=0.8","cache-control":"max-age=0","connection":"keep-alive","cookie":"second-cork=214dcf0bbdd2c7abeb041417cc90158abad7fac7; obvious-release=s%3ADxOpYu4odR9ki78saxVCqR_5EyqVfTqu.JYBky2i3MZHoZS%2B836dsMPOqhE0x%2B05uL16YSAWvsq8; ignorant-mansard=5ed7cd24f8e527c20d9a08f0982a15febe26e372; glaring-ass=s%3AshelT5noDwLVsJiYea3lG6P46amaKho6.fn%2F7zJfQ3nDoOem5wMGko%2B9VaMy0J1RylcJUkDjJvD8; firm-recovery=eb97ccceff8b22ac61bacb08fc247cebec9fae7f; knotty-graph=s%3AD81VMXpi5KEvHth129Ak_T54WD1n19kR.he2LsRBJhNr0DH%2FuHguYOFM4BXsP89bKan5hhr4igkU; competent-knot=ac1d73bb74ae47fc5f52baa8ad3d6efc4cefc4cb; exemplary-dusk=s%3AdDzC-6v9pcRLNc9AuvklkHUz8NopNUyI.LcCojf%2FaCnqpmMfvhpILj9yBPCjloTx1YGcm7hPUcUQ; scarce-sofa=20f9ecd3ff859691489af1cbe97fc8f61ed4db5c; plaintive-mom=s%3Ar7OMQuRsyi4neGngpIasKLLjS4zMGErs.RwJcBQAff7kW7otPopexxONKXjPPfTEUNAoB7ReMcXs; warped-mutton=02fa22f2a064ab61ddd8aff0ca235cab4aca35fb; caring-naming=s%3A98CXh1p9Z3wwQp8R_9PTrbNrcmZvl4CT.5TQLyrPyUk6rvNkGJiXQNewIwAPFV0VxUcMefvoSneo; raw-algebra=8a3617b14291d250eecddae3eeef7ab50d317f96; amazing-audit=s%3A1IptuqXA8mr8hxPzM6KxgbhU_dhImilp.IPIX0ODpn7sWD%2BqCh%2B%2BEHF8wGVQxmHWEf3Wk5XnVSjE","cookie_parsed":{"amazing-audit":"s:1IptuqXA8mr8hxPzM6KxgbhU_dhImilp.IPIX0ODpn7sWD+qCh++EHF8wGVQxmHWEf3Wk5XnVSjE","caring-naming":"s:98CXh1p9Z3wwQp8R_9PTrbNrcmZvl4CT.5TQLyrPyUk6rvNkGJiXQNewIwAPFV0VxUcMefvoSneo","competent-knot":"ac1d73bb74ae47fc5f52baa8ad3d6efc4cefc4cb","exemplary-dusk":"s:dDzC-6v9pcRLNc9AuvklkHUz8NopNUyI.LcCojf/aCnqpmMfvhpILj9yBPCjloTx1YGcm7hPUcUQ","firm-recovery":"eb97ccceff8b22ac61bacb08fc247cebec9fae7f","glaring-ass":"s:shelT5noDwLVsJiYea3lG6P46amaKho6.fn/7zJfQ3nDoOem5wMGko+9VaMy0J1RylcJUkDjJvD8","ignorant-mansard":"5ed7cd24f8e527c20d9a08f0982a15febe26e372","knotty-graph":"s:D81VMXpi5KEvHth129Ak_T54WD1n19kR.he2LsRBJhNr0DH/uHguYOFM4BXsP89bKan5hhr4igkU","obvious-release":"s:DxOpYu4odR9ki78saxVCqR_5EyqVfTqu.JYBky2i3MZHoZS+836dsMPOqhE0x+05uL16YSAWvsq8","plaintive-mom":"s:r7OMQuRsyi4neGngpIasKLLjS4zMGErs.RwJcBQAff7kW7otPopexxONKXjPPfTEUNAoB7ReMcXs","raw-algebra":"8a3617b14291d250eecddae3eeef7ab50d317f96","scarce-sofa":"20f9ecd3ff859691489af1cbe97fc8f61ed4db5c","second-cork":"214dcf0bbdd2c7abeb041417cc90158abad7fac7","warped-mutton":"02fa22f2a064ab61ddd8aff0ca235cab4aca35fb"},"host":"localhost:3000","sec-ch-ua":"\"Chromium\";v=\"130\", \"Google Chrome\";v=\"130\", \"Not?A_Brand\";v=\"99\"","sec-ch-ua-mobile":"?0","sec-ch-ua-platform":"\"Windows\"","sec-fetch-dest":"document","sec-fetch-mode":"navigate","sec-fetch-site":"none","sec-fetch-user":"?1","upgrade-insecure-requests":"1","user-agent":"Mozilla/5.0 (Windows NT 10.0; Win64; x64) AppleWebKit/537.36 (KHTML, like Gecko) Chrome/130.0.0.0 Safari/537.36"},"params":{"Id":"123f"},"query":{}},"templateId":"sqli-error","type":"malicious"}
{"level":"error","message":"HTTP -> 500 error: Cannot read properties of null (reading 'appsec')","stack":"TypeError: Cannot read properties of null (reading 'appsec')\n    at exp.logger (C:\\Users\\jimzord12\\GitHub\\Honeypots-Contextual-Behavior-PoC\\node_modules\\hash-honeypot\\libs\\init.js:81:24)\n    at C:\\Users\\jimzord12\\GitHub\\Honeypots-Contextual-Behavior-PoC\\node_modules\\hash-honeypot\\libs\\simulator.js:130:27\n    at Layer.handle [as handle_request] (C:\\Users\\jimzord12\\GitHub\\Honeypots-Contextual-Behavior-PoC\\node_modules\\express\\lib\\router\\layer.js:95:5)\n    at next (C:\\Users\\jimzord12\\GitHub\\Honeypots-Contextual-Behavior-PoC\\node_modules\\express\\lib\\router\\route.js:149:13)\n    at Route.dispatch (C:\\Users\\jimzord12\\GitHub\\Honeypots-Contextual-Behavior-PoC\\node_modules\\express\\lib\\router\\route.js:119:3)\n    at Layer.handle [as handle_request] (C:\\Users\\jimzord12\\GitHub\\Honeypots-Contextual-Behavior-PoC\\node_modules\\express\\lib\\router\\layer.js:95:5)\n    at C:\\Users\\jimzord12\\GitHub\\Honeypots-Contextual-Behavior-PoC\\node_modules\\express\\lib\\router\\index.js:284:15\n    at param (C:\\Users\\jimzord12\\GitHub\\Honeypots-Contextual-Behavior-PoC\\node_modules\\express\\lib\\router\\index.js:365:14)\n    at param (C:\\Users\\jimzord12\\GitHub\\Honeypots-Contextual-Behavior-PoC\\node_modules\\express\\lib\\router\\index.js:376:14)\n    at Function.process_params (C:\\Users\\jimzord12\\GitHub\\Honeypots-Contextual-Behavior-PoC\\node_modules\\express\\lib\\router\\index.js:421:3)"}
{"level":"info","message":"Simulator -> Trap hit, marking the session as malicious "}
{"http":{"client_ip":"::1","host":"localhost:3000","method":"GET","path":"/authors/123f"},"info":{"title":"SQL error honeytrap"},"level":"warn","message":"HASH: GET /authors/123f: SQL error honeytrap","request":{"body":{},"headers":{"accept":"text/html,application/xhtml+xml,application/xml;q=0.9,image/avif,image/webp,image/apng,*/*;q=0.8,application/signed-exchange;v=b3;q=0.7","accept-encoding":"gzip, deflate, br, zstd","accept-language":"en,el-GR;q=0.9,el;q=0.8","cache-control":"max-age=0","connection":"keep-alive","cookie":"second-cork=214dcf0bbdd2c7abeb041417cc90158abad7fac7; obvious-release=s%3ADxOpYu4odR9ki78saxVCqR_5EyqVfTqu.JYBky2i3MZHoZS%2B836dsMPOqhE0x%2B05uL16YSAWvsq8; ignorant-mansard=5ed7cd24f8e527c20d9a08f0982a15febe26e372; glaring-ass=s%3AshelT5noDwLVsJiYea3lG6P46amaKho6.fn%2F7zJfQ3nDoOem5wMGko%2B9VaMy0J1RylcJUkDjJvD8; firm-recovery=eb97ccceff8b22ac61bacb08fc247cebec9fae7f; knotty-graph=s%3AD81VMXpi5KEvHth129Ak_T54WD1n19kR.he2LsRBJhNr0DH%2FuHguYOFM4BXsP89bKan5hhr4igkU; competent-knot=ac1d73bb74ae47fc5f52baa8ad3d6efc4cefc4cb; exemplary-dusk=s%3AdDzC-6v9pcRLNc9AuvklkHUz8NopNUyI.LcCojf%2FaCnqpmMfvhpILj9yBPCjloTx1YGcm7hPUcUQ; scarce-sofa=20f9ecd3ff859691489af1cbe97fc8f61ed4db5c; plaintive-mom=s%3Ar7OMQuRsyi4neGngpIasKLLjS4zMGErs.RwJcBQAff7kW7otPopexxONKXjPPfTEUNAoB7ReMcXs; warped-mutton=02fa22f2a064ab61ddd8aff0ca235cab4aca35fb; caring-naming=s%3A98CXh1p9Z3wwQp8R_9PTrbNrcmZvl4CT.5TQLyrPyUk6rvNkGJiXQNewIwAPFV0VxUcMefvoSneo; raw-algebra=8a3617b14291d250eecddae3eeef7ab50d317f96; amazing-audit=s%3A1IptuqXA8mr8hxPzM6KxgbhU_dhImilp.IPIX0ODpn7sWD%2BqCh%2B%2BEHF8wGVQxmHWEf3Wk5XnVSjE","cookie_parsed":{"amazing-audit":"s:1IptuqXA8mr8hxPzM6KxgbhU_dhImilp.IPIX0ODpn7sWD+qCh++EHF8wGVQxmHWEf3Wk5XnVSjE","caring-naming":"s:98CXh1p9Z3wwQp8R_9PTrbNrcmZvl4CT.5TQLyrPyUk6rvNkGJiXQNewIwAPFV0VxUcMefvoSneo","competent-knot":"ac1d73bb74ae47fc5f52baa8ad3d6efc4cefc4cb","exemplary-dusk":"s:dDzC-6v9pcRLNc9AuvklkHUz8NopNUyI.LcCojf/aCnqpmMfvhpILj9yBPCjloTx1YGcm7hPUcUQ","firm-recovery":"eb97ccceff8b22ac61bacb08fc247cebec9fae7f","glaring-ass":"s:shelT5noDwLVsJiYea3lG6P46amaKho6.fn/7zJfQ3nDoOem5wMGko+9VaMy0J1RylcJUkDjJvD8","ignorant-mansard":"5ed7cd24f8e527c20d9a08f0982a15febe26e372","knotty-graph":"s:D81VMXpi5KEvHth129Ak_T54WD1n19kR.he2LsRBJhNr0DH/uHguYOFM4BXsP89bKan5hhr4igkU","obvious-release":"s:DxOpYu4odR9ki78saxVCqR_5EyqVfTqu.JYBky2i3MZHoZS+836dsMPOqhE0x+05uL16YSAWvsq8","plaintive-mom":"s:r7OMQuRsyi4neGngpIasKLLjS4zMGErs.RwJcBQAff7kW7otPopexxONKXjPPfTEUNAoB7ReMcXs","raw-algebra":"8a3617b14291d250eecddae3eeef7ab50d317f96","scarce-sofa":"20f9ecd3ff859691489af1cbe97fc8f61ed4db5c","second-cork":"214dcf0bbdd2c7abeb041417cc90158abad7fac7","warped-mutton":"02fa22f2a064ab61ddd8aff0ca235cab4aca35fb"},"host":"localhost:3000","sec-ch-ua":"\"Chromium\";v=\"130\", \"Google Chrome\";v=\"130\", \"Not?A_Brand\";v=\"99\"","sec-ch-ua-mobile":"?0","sec-ch-ua-platform":"\"Windows\"","sec-fetch-dest":"document","sec-fetch-mode":"navigate","sec-fetch-site":"none","sec-fetch-user":"?1","upgrade-insecure-requests":"1","user-agent":"Mozilla/5.0 (Windows NT 10.0; Win64; x64) AppleWebKit/537.36 (KHTML, like Gecko) Chrome/130.0.0.0 Safari/537.36"},"params":{"Id":"123f"},"query":{}},"templateId":"sqli-error","type":"malicious"}
{"level":"error","message":"HTTP -> 500 error: Cannot read properties of null (reading 'appsec')","stack":"TypeError: Cannot read properties of null (reading 'appsec')\n    at exp.logger (C:\\Users\\jimzord12\\GitHub\\Honeypots-Contextual-Behavior-PoC\\node_modules\\hash-honeypot\\libs\\init.js:81:24)\n    at C:\\Users\\jimzord12\\GitHub\\Honeypots-Contextual-Behavior-PoC\\node_modules\\hash-honeypot\\libs\\simulator.js:130:27\n    at Layer.handle [as handle_request] (C:\\Users\\jimzord12\\GitHub\\Honeypots-Contextual-Behavior-PoC\\node_modules\\express\\lib\\router\\layer.js:95:5)\n    at next (C:\\Users\\jimzord12\\GitHub\\Honeypots-Contextual-Behavior-PoC\\node_modules\\express\\lib\\router\\route.js:149:13)\n    at Route.dispatch (C:\\Users\\jimzord12\\GitHub\\Honeypots-Contextual-Behavior-PoC\\node_modules\\express\\lib\\router\\route.js:119:3)\n    at Layer.handle [as handle_request] (C:\\Users\\jimzord12\\GitHub\\Honeypots-Contextual-Behavior-PoC\\node_modules\\express\\lib\\router\\layer.js:95:5)\n    at C:\\Users\\jimzord12\\GitHub\\Honeypots-Contextual-Behavior-PoC\\node_modules\\express\\lib\\router\\index.js:284:15\n    at param (C:\\Users\\jimzord12\\GitHub\\Honeypots-Contextual-Behavior-PoC\\node_modules\\express\\lib\\router\\index.js:365:14)\n    at param (C:\\Users\\jimzord12\\GitHub\\Honeypots-Contextual-Behavior-PoC\\node_modules\\express\\lib\\router\\index.js:376:14)\n    at Function.process_params (C:\\Users\\jimzord12\\GitHub\\Honeypots-Contextual-Behavior-PoC\\node_modules\\express\\lib\\router\\index.js:421:3)"}
{"level":"info","message":"Simulator -> Trap hit, marking the session as malicious "}
{"http":{"client_ip":"::1","host":"localhost:3000","method":"GET","path":"/authors/123f"},"info":{"title":"SQL error honeytrap"},"level":"warn","message":"HASH: GET /authors/123f: SQL error honeytrap","request":{"body":{},"headers":{"accept":"text/html,application/xhtml+xml,application/xml;q=0.9,image/avif,image/webp,image/apng,*/*;q=0.8,application/signed-exchange;v=b3;q=0.7","accept-encoding":"gzip, deflate, br, zstd","accept-language":"en,el-GR;q=0.9,el;q=0.8","cache-control":"max-age=0","connection":"keep-alive","cookie":"second-cork=214dcf0bbdd2c7abeb041417cc90158abad7fac7; obvious-release=s%3ADxOpYu4odR9ki78saxVCqR_5EyqVfTqu.JYBky2i3MZHoZS%2B836dsMPOqhE0x%2B05uL16YSAWvsq8; ignorant-mansard=5ed7cd24f8e527c20d9a08f0982a15febe26e372; glaring-ass=s%3AshelT5noDwLVsJiYea3lG6P46amaKho6.fn%2F7zJfQ3nDoOem5wMGko%2B9VaMy0J1RylcJUkDjJvD8; firm-recovery=eb97ccceff8b22ac61bacb08fc247cebec9fae7f; knotty-graph=s%3AD81VMXpi5KEvHth129Ak_T54WD1n19kR.he2LsRBJhNr0DH%2FuHguYOFM4BXsP89bKan5hhr4igkU; competent-knot=ac1d73bb74ae47fc5f52baa8ad3d6efc4cefc4cb; exemplary-dusk=s%3AdDzC-6v9pcRLNc9AuvklkHUz8NopNUyI.LcCojf%2FaCnqpmMfvhpILj9yBPCjloTx1YGcm7hPUcUQ; scarce-sofa=20f9ecd3ff859691489af1cbe97fc8f61ed4db5c; plaintive-mom=s%3Ar7OMQuRsyi4neGngpIasKLLjS4zMGErs.RwJcBQAff7kW7otPopexxONKXjPPfTEUNAoB7ReMcXs; warped-mutton=02fa22f2a064ab61ddd8aff0ca235cab4aca35fb; caring-naming=s%3A98CXh1p9Z3wwQp8R_9PTrbNrcmZvl4CT.5TQLyrPyUk6rvNkGJiXQNewIwAPFV0VxUcMefvoSneo; raw-algebra=8a3617b14291d250eecddae3eeef7ab50d317f96; amazing-audit=s%3A1IptuqXA8mr8hxPzM6KxgbhU_dhImilp.IPIX0ODpn7sWD%2BqCh%2B%2BEHF8wGVQxmHWEf3Wk5XnVSjE","cookie_parsed":{"amazing-audit":"s:1IptuqXA8mr8hxPzM6KxgbhU_dhImilp.IPIX0ODpn7sWD+qCh++EHF8wGVQxmHWEf3Wk5XnVSjE","caring-naming":"s:98CXh1p9Z3wwQp8R_9PTrbNrcmZvl4CT.5TQLyrPyUk6rvNkGJiXQNewIwAPFV0VxUcMefvoSneo","competent-knot":"ac1d73bb74ae47fc5f52baa8ad3d6efc4cefc4cb","exemplary-dusk":"s:dDzC-6v9pcRLNc9AuvklkHUz8NopNUyI.LcCojf/aCnqpmMfvhpILj9yBPCjloTx1YGcm7hPUcUQ","firm-recovery":"eb97ccceff8b22ac61bacb08fc247cebec9fae7f","glaring-ass":"s:shelT5noDwLVsJiYea3lG6P46amaKho6.fn/7zJfQ3nDoOem5wMGko+9VaMy0J1RylcJUkDjJvD8","ignorant-mansard":"5ed7cd24f8e527c20d9a08f0982a15febe26e372","knotty-graph":"s:D81VMXpi5KEvHth129Ak_T54WD1n19kR.he2LsRBJhNr0DH/uHguYOFM4BXsP89bKan5hhr4igkU","obvious-release":"s:DxOpYu4odR9ki78saxVCqR_5EyqVfTqu.JYBky2i3MZHoZS+836dsMPOqhE0x+05uL16YSAWvsq8","plaintive-mom":"s:r7OMQuRsyi4neGngpIasKLLjS4zMGErs.RwJcBQAff7kW7otPopexxONKXjPPfTEUNAoB7ReMcXs","raw-algebra":"8a3617b14291d250eecddae3eeef7ab50d317f96","scarce-sofa":"20f9ecd3ff859691489af1cbe97fc8f61ed4db5c","second-cork":"214dcf0bbdd2c7abeb041417cc90158abad7fac7","warped-mutton":"02fa22f2a064ab61ddd8aff0ca235cab4aca35fb"},"host":"localhost:3000","sec-ch-ua":"\"Chromium\";v=\"130\", \"Google Chrome\";v=\"130\", \"Not?A_Brand\";v=\"99\"","sec-ch-ua-mobile":"?0","sec-ch-ua-platform":"\"Windows\"","sec-fetch-dest":"document","sec-fetch-mode":"navigate","sec-fetch-site":"none","sec-fetch-user":"?1","upgrade-insecure-requests":"1","user-agent":"Mozilla/5.0 (Windows NT 10.0; Win64; x64) AppleWebKit/537.36 (KHTML, like Gecko) Chrome/130.0.0.0 Safari/537.36"},"params":{"Id":"123f"},"query":{}},"templateId":"sqli-error","type":"malicious"}
{"level":"error","message":"HTTP -> 500 error: Cannot read properties of null (reading 'appsec')","stack":"TypeError: Cannot read properties of null (reading 'appsec')\n    at exp.logger (C:\\Users\\jimzord12\\GitHub\\Honeypots-Contextual-Behavior-PoC\\node_modules\\hash-honeypot\\libs\\init.js:81:24)\n    at C:\\Users\\jimzord12\\GitHub\\Honeypots-Contextual-Behavior-PoC\\node_modules\\hash-honeypot\\libs\\simulator.js:130:27\n    at Layer.handle [as handle_request] (C:\\Users\\jimzord12\\GitHub\\Honeypots-Contextual-Behavior-PoC\\node_modules\\express\\lib\\router\\layer.js:95:5)\n    at next (C:\\Users\\jimzord12\\GitHub\\Honeypots-Contextual-Behavior-PoC\\node_modules\\express\\lib\\router\\route.js:149:13)\n    at Route.dispatch (C:\\Users\\jimzord12\\GitHub\\Honeypots-Contextual-Behavior-PoC\\node_modules\\express\\lib\\router\\route.js:119:3)\n    at Layer.handle [as handle_request] (C:\\Users\\jimzord12\\GitHub\\Honeypots-Contextual-Behavior-PoC\\node_modules\\express\\lib\\router\\layer.js:95:5)\n    at C:\\Users\\jimzord12\\GitHub\\Honeypots-Contextual-Behavior-PoC\\node_modules\\express\\lib\\router\\index.js:284:15\n    at param (C:\\Users\\jimzord12\\GitHub\\Honeypots-Contextual-Behavior-PoC\\node_modules\\express\\lib\\router\\index.js:365:14)\n    at param (C:\\Users\\jimzord12\\GitHub\\Honeypots-Contextual-Behavior-PoC\\node_modules\\express\\lib\\router\\index.js:376:14)\n    at Function.process_params (C:\\Users\\jimzord12\\GitHub\\Honeypots-Contextual-Behavior-PoC\\node_modules\\express\\lib\\router\\index.js:421:3)"}
{"level":"info","message":"Simulator -> Trap hit, marking the session as malicious "}
{"http":{"client_ip":"::1","host":"localhost:3000","method":"GET","path":"/authors/123f"},"info":{"title":"SQL error honeytrap"},"level":"warn","message":"HASH: GET /authors/123f: SQL error honeytrap","request":{"body":{},"headers":{"accept":"text/html,application/xhtml+xml,application/xml;q=0.9,image/avif,image/webp,image/apng,*/*;q=0.8,application/signed-exchange;v=b3;q=0.7","accept-encoding":"gzip, deflate, br, zstd","accept-language":"en,el-GR;q=0.9,el;q=0.8","cache-control":"max-age=0","connection":"keep-alive","cookie":"second-cork=214dcf0bbdd2c7abeb041417cc90158abad7fac7; obvious-release=s%3ADxOpYu4odR9ki78saxVCqR_5EyqVfTqu.JYBky2i3MZHoZS%2B836dsMPOqhE0x%2B05uL16YSAWvsq8; ignorant-mansard=5ed7cd24f8e527c20d9a08f0982a15febe26e372; glaring-ass=s%3AshelT5noDwLVsJiYea3lG6P46amaKho6.fn%2F7zJfQ3nDoOem5wMGko%2B9VaMy0J1RylcJUkDjJvD8; firm-recovery=eb97ccceff8b22ac61bacb08fc247cebec9fae7f; knotty-graph=s%3AD81VMXpi5KEvHth129Ak_T54WD1n19kR.he2LsRBJhNr0DH%2FuHguYOFM4BXsP89bKan5hhr4igkU; competent-knot=ac1d73bb74ae47fc5f52baa8ad3d6efc4cefc4cb; exemplary-dusk=s%3AdDzC-6v9pcRLNc9AuvklkHUz8NopNUyI.LcCojf%2FaCnqpmMfvhpILj9yBPCjloTx1YGcm7hPUcUQ; scarce-sofa=20f9ecd3ff859691489af1cbe97fc8f61ed4db5c; plaintive-mom=s%3Ar7OMQuRsyi4neGngpIasKLLjS4zMGErs.RwJcBQAff7kW7otPopexxONKXjPPfTEUNAoB7ReMcXs; warped-mutton=02fa22f2a064ab61ddd8aff0ca235cab4aca35fb; caring-naming=s%3A98CXh1p9Z3wwQp8R_9PTrbNrcmZvl4CT.5TQLyrPyUk6rvNkGJiXQNewIwAPFV0VxUcMefvoSneo; raw-algebra=8a3617b14291d250eecddae3eeef7ab50d317f96; amazing-audit=s%3A1IptuqXA8mr8hxPzM6KxgbhU_dhImilp.IPIX0ODpn7sWD%2BqCh%2B%2BEHF8wGVQxmHWEf3Wk5XnVSjE","cookie_parsed":{"amazing-audit":"s:1IptuqXA8mr8hxPzM6KxgbhU_dhImilp.IPIX0ODpn7sWD+qCh++EHF8wGVQxmHWEf3Wk5XnVSjE","caring-naming":"s:98CXh1p9Z3wwQp8R_9PTrbNrcmZvl4CT.5TQLyrPyUk6rvNkGJiXQNewIwAPFV0VxUcMefvoSneo","competent-knot":"ac1d73bb74ae47fc5f52baa8ad3d6efc4cefc4cb","exemplary-dusk":"s:dDzC-6v9pcRLNc9AuvklkHUz8NopNUyI.LcCojf/aCnqpmMfvhpILj9yBPCjloTx1YGcm7hPUcUQ","firm-recovery":"eb97ccceff8b22ac61bacb08fc247cebec9fae7f","glaring-ass":"s:shelT5noDwLVsJiYea3lG6P46amaKho6.fn/7zJfQ3nDoOem5wMGko+9VaMy0J1RylcJUkDjJvD8","ignorant-mansard":"5ed7cd24f8e527c20d9a08f0982a15febe26e372","knotty-graph":"s:D81VMXpi5KEvHth129Ak_T54WD1n19kR.he2LsRBJhNr0DH/uHguYOFM4BXsP89bKan5hhr4igkU","obvious-release":"s:DxOpYu4odR9ki78saxVCqR_5EyqVfTqu.JYBky2i3MZHoZS+836dsMPOqhE0x+05uL16YSAWvsq8","plaintive-mom":"s:r7OMQuRsyi4neGngpIasKLLjS4zMGErs.RwJcBQAff7kW7otPopexxONKXjPPfTEUNAoB7ReMcXs","raw-algebra":"8a3617b14291d250eecddae3eeef7ab50d317f96","scarce-sofa":"20f9ecd3ff859691489af1cbe97fc8f61ed4db5c","second-cork":"214dcf0bbdd2c7abeb041417cc90158abad7fac7","warped-mutton":"02fa22f2a064ab61ddd8aff0ca235cab4aca35fb"},"host":"localhost:3000","sec-ch-ua":"\"Chromium\";v=\"130\", \"Google Chrome\";v=\"130\", \"Not?A_Brand\";v=\"99\"","sec-ch-ua-mobile":"?0","sec-ch-ua-platform":"\"Windows\"","sec-fetch-dest":"document","sec-fetch-mode":"navigate","sec-fetch-site":"none","sec-fetch-user":"?1","upgrade-insecure-requests":"1","user-agent":"Mozilla/5.0 (Windows NT 10.0; Win64; x64) AppleWebKit/537.36 (KHTML, like Gecko) Chrome/130.0.0.0 Safari/537.36"},"params":{"Id":"123f"},"query":{}},"templateId":"sqli-error","type":"malicious"}
{"level":"error","message":"HTTP -> 500 error: Cannot read properties of null (reading 'appsec')","stack":"TypeError: Cannot read properties of null (reading 'appsec')\n    at exp.logger (C:\\Users\\jimzord12\\GitHub\\Honeypots-Contextual-Behavior-PoC\\node_modules\\hash-honeypot\\libs\\init.js:81:24)\n    at C:\\Users\\jimzord12\\GitHub\\Honeypots-Contextual-Behavior-PoC\\node_modules\\hash-honeypot\\libs\\simulator.js:130:27\n    at Layer.handle [as handle_request] (C:\\Users\\jimzord12\\GitHub\\Honeypots-Contextual-Behavior-PoC\\node_modules\\express\\lib\\router\\layer.js:95:5)\n    at next (C:\\Users\\jimzord12\\GitHub\\Honeypots-Contextual-Behavior-PoC\\node_modules\\express\\lib\\router\\route.js:149:13)\n    at Route.dispatch (C:\\Users\\jimzord12\\GitHub\\Honeypots-Contextual-Behavior-PoC\\node_modules\\express\\lib\\router\\route.js:119:3)\n    at Layer.handle [as handle_request] (C:\\Users\\jimzord12\\GitHub\\Honeypots-Contextual-Behavior-PoC\\node_modules\\express\\lib\\router\\layer.js:95:5)\n    at C:\\Users\\jimzord12\\GitHub\\Honeypots-Contextual-Behavior-PoC\\node_modules\\express\\lib\\router\\index.js:284:15\n    at param (C:\\Users\\jimzord12\\GitHub\\Honeypots-Contextual-Behavior-PoC\\node_modules\\express\\lib\\router\\index.js:365:14)\n    at param (C:\\Users\\jimzord12\\GitHub\\Honeypots-Contextual-Behavior-PoC\\node_modules\\express\\lib\\router\\index.js:376:14)\n    at Function.process_params (C:\\Users\\jimzord12\\GitHub\\Honeypots-Contextual-Behavior-PoC\\node_modules\\express\\lib\\router\\index.js:421:3)"}
{"level":"info","message":"Simulator -> Trap hit, marking the session as malicious "}
{"http":{"client_ip":"::1","host":"localhost:3000","method":"GET","path":"/authors/123f"},"info":{"title":"SQL error honeytrap"},"level":"warn","message":"HASH: GET /authors/123f: SQL error honeytrap","request":{"body":{},"headers":{"accept":"text/html,application/xhtml+xml,application/xml;q=0.9,image/avif,image/webp,image/apng,*/*;q=0.8,application/signed-exchange;v=b3;q=0.7","accept-encoding":"gzip, deflate, br, zstd","accept-language":"en,el-GR;q=0.9,el;q=0.8","cache-control":"max-age=0","connection":"keep-alive","cookie":"second-cork=214dcf0bbdd2c7abeb041417cc90158abad7fac7; obvious-release=s%3ADxOpYu4odR9ki78saxVCqR_5EyqVfTqu.JYBky2i3MZHoZS%2B836dsMPOqhE0x%2B05uL16YSAWvsq8; ignorant-mansard=5ed7cd24f8e527c20d9a08f0982a15febe26e372; glaring-ass=s%3AshelT5noDwLVsJiYea3lG6P46amaKho6.fn%2F7zJfQ3nDoOem5wMGko%2B9VaMy0J1RylcJUkDjJvD8; firm-recovery=eb97ccceff8b22ac61bacb08fc247cebec9fae7f; knotty-graph=s%3AD81VMXpi5KEvHth129Ak_T54WD1n19kR.he2LsRBJhNr0DH%2FuHguYOFM4BXsP89bKan5hhr4igkU; competent-knot=ac1d73bb74ae47fc5f52baa8ad3d6efc4cefc4cb; exemplary-dusk=s%3AdDzC-6v9pcRLNc9AuvklkHUz8NopNUyI.LcCojf%2FaCnqpmMfvhpILj9yBPCjloTx1YGcm7hPUcUQ; scarce-sofa=20f9ecd3ff859691489af1cbe97fc8f61ed4db5c; plaintive-mom=s%3Ar7OMQuRsyi4neGngpIasKLLjS4zMGErs.RwJcBQAff7kW7otPopexxONKXjPPfTEUNAoB7ReMcXs; warped-mutton=02fa22f2a064ab61ddd8aff0ca235cab4aca35fb; caring-naming=s%3A98CXh1p9Z3wwQp8R_9PTrbNrcmZvl4CT.5TQLyrPyUk6rvNkGJiXQNewIwAPFV0VxUcMefvoSneo; raw-algebra=8a3617b14291d250eecddae3eeef7ab50d317f96; amazing-audit=s%3A1IptuqXA8mr8hxPzM6KxgbhU_dhImilp.IPIX0ODpn7sWD%2BqCh%2B%2BEHF8wGVQxmHWEf3Wk5XnVSjE","cookie_parsed":{"amazing-audit":"s:1IptuqXA8mr8hxPzM6KxgbhU_dhImilp.IPIX0ODpn7sWD+qCh++EHF8wGVQxmHWEf3Wk5XnVSjE","caring-naming":"s:98CXh1p9Z3wwQp8R_9PTrbNrcmZvl4CT.5TQLyrPyUk6rvNkGJiXQNewIwAPFV0VxUcMefvoSneo","competent-knot":"ac1d73bb74ae47fc5f52baa8ad3d6efc4cefc4cb","exemplary-dusk":"s:dDzC-6v9pcRLNc9AuvklkHUz8NopNUyI.LcCojf/aCnqpmMfvhpILj9yBPCjloTx1YGcm7hPUcUQ","firm-recovery":"eb97ccceff8b22ac61bacb08fc247cebec9fae7f","glaring-ass":"s:shelT5noDwLVsJiYea3lG6P46amaKho6.fn/7zJfQ3nDoOem5wMGko+9VaMy0J1RylcJUkDjJvD8","ignorant-mansard":"5ed7cd24f8e527c20d9a08f0982a15febe26e372","knotty-graph":"s:D81VMXpi5KEvHth129Ak_T54WD1n19kR.he2LsRBJhNr0DH/uHguYOFM4BXsP89bKan5hhr4igkU","obvious-release":"s:DxOpYu4odR9ki78saxVCqR_5EyqVfTqu.JYBky2i3MZHoZS+836dsMPOqhE0x+05uL16YSAWvsq8","plaintive-mom":"s:r7OMQuRsyi4neGngpIasKLLjS4zMGErs.RwJcBQAff7kW7otPopexxONKXjPPfTEUNAoB7ReMcXs","raw-algebra":"8a3617b14291d250eecddae3eeef7ab50d317f96","scarce-sofa":"20f9ecd3ff859691489af1cbe97fc8f61ed4db5c","second-cork":"214dcf0bbdd2c7abeb041417cc90158abad7fac7","warped-mutton":"02fa22f2a064ab61ddd8aff0ca235cab4aca35fb"},"host":"localhost:3000","sec-ch-ua":"\"Chromium\";v=\"130\", \"Google Chrome\";v=\"130\", \"Not?A_Brand\";v=\"99\"","sec-ch-ua-mobile":"?0","sec-ch-ua-platform":"\"Windows\"","sec-fetch-dest":"document","sec-fetch-mode":"navigate","sec-fetch-site":"none","sec-fetch-user":"?1","upgrade-insecure-requests":"1","user-agent":"Mozilla/5.0 (Windows NT 10.0; Win64; x64) AppleWebKit/537.36 (KHTML, like Gecko) Chrome/130.0.0.0 Safari/537.36"},"params":{"Id":"123f"},"query":{}},"templateId":"sqli-error","type":"malicious"}
{"level":"error","message":"HTTP -> 500 error: Cannot read properties of null (reading 'appsec')","stack":"TypeError: Cannot read properties of null (reading 'appsec')\n    at exp.logger (C:\\Users\\jimzord12\\GitHub\\Honeypots-Contextual-Behavior-PoC\\node_modules\\hash-honeypot\\libs\\init.js:81:24)\n    at C:\\Users\\jimzord12\\GitHub\\Honeypots-Contextual-Behavior-PoC\\node_modules\\hash-honeypot\\libs\\simulator.js:130:27\n    at Layer.handle [as handle_request] (C:\\Users\\jimzord12\\GitHub\\Honeypots-Contextual-Behavior-PoC\\node_modules\\express\\lib\\router\\layer.js:95:5)\n    at next (C:\\Users\\jimzord12\\GitHub\\Honeypots-Contextual-Behavior-PoC\\node_modules\\express\\lib\\router\\route.js:149:13)\n    at Route.dispatch (C:\\Users\\jimzord12\\GitHub\\Honeypots-Contextual-Behavior-PoC\\node_modules\\express\\lib\\router\\route.js:119:3)\n    at Layer.handle [as handle_request] (C:\\Users\\jimzord12\\GitHub\\Honeypots-Contextual-Behavior-PoC\\node_modules\\express\\lib\\router\\layer.js:95:5)\n    at C:\\Users\\jimzord12\\GitHub\\Honeypots-Contextual-Behavior-PoC\\node_modules\\express\\lib\\router\\index.js:284:15\n    at param (C:\\Users\\jimzord12\\GitHub\\Honeypots-Contextual-Behavior-PoC\\node_modules\\express\\lib\\router\\index.js:365:14)\n    at param (C:\\Users\\jimzord12\\GitHub\\Honeypots-Contextual-Behavior-PoC\\node_modules\\express\\lib\\router\\index.js:376:14)\n    at Function.process_params (C:\\Users\\jimzord12\\GitHub\\Honeypots-Contextual-Behavior-PoC\\node_modules\\express\\lib\\router\\index.js:421:3)"}
